{"C:\\Users\\Patric\\school\\SP24\\cse110\\cse110-sp24-group15\\project\\addLogPage\\add_log_page.js": {"path":"C:\\Users\\Patric\\school\\SP24\\cse110\\cse110-sp24-group15\\project\\addLogPage\\add_log_page.js","statementMap":{"0":{"start":{"line":12,"column":2},"end":{"line":18,"column":3}},"1":{"start":{"line":14,"column":4},"end":{"line":14,"column":40}},"2":{"start":{"line":15,"column":4},"end":{"line":15,"column":17}},"3":{"start":{"line":17,"column":4},"end":{"line":17,"column":16}},"4":{"start":{"line":27,"column":18},"end":{"line":27,"column":60}},"5":{"start":{"line":28,"column":17},"end":{"line":28,"column":58}},"6":{"start":{"line":29,"column":25},"end":{"line":29,"column":73}},"7":{"start":{"line":30,"column":24},"end":{"line":30,"column":72}},"8":{"start":{"line":33,"column":25},"end":{"line":33,"column":49}},"9":{"start":{"line":36,"column":2},"end":{"line":75,"column":3}},"10":{"start":{"line":38,"column":20},"end":{"line":38,"column":68}},"11":{"start":{"line":39,"column":28},"end":{"line":39,"column":56}},"12":{"start":{"line":40,"column":19},"end":{"line":40,"column":69}},"13":{"start":{"line":41,"column":15},"end":{"line":41,"column":31}},"14":{"start":{"line":44,"column":4},"end":{"line":46,"column":5}},"15":{"start":{"line":45,"column":6},"end":{"line":45,"column":33}},"16":{"start":{"line":48,"column":18},"end":{"line":48,"column":54}},"17":{"start":{"line":51,"column":18},"end":{"line":60,"column":5}},"18":{"start":{"line":63,"column":4},"end":{"line":63,"column":23}},"19":{"start":{"line":66,"column":4},"end":{"line":66,"column":28}},"20":{"start":{"line":69,"column":4},"end":{"line":69,"column":66}},"21":{"start":{"line":70,"column":4},"end":{"line":70,"column":68}},"22":{"start":{"line":73,"column":4},"end":{"line":73,"column":51}},"23":{"start":{"line":74,"column":4},"end":{"line":74,"column":62}},"24":{"start":{"line":82,"column":2},"end":{"line":82,"column":60}},"25":{"start":{"line":84,"column":0},"end":{"line":86,"column":1}},"26":{"start":{"line":85,"column":2},"end":{"line":85,"column":68}}},"fnMap":{"0":{"name":"validateForm","decl":{"start":{"line":10,"column":9},"end":{"line":10,"column":21}},"loc":{"start":{"line":10,"column":78},"end":{"line":19,"column":1}},"line":10},"1":{"name":"makeSubmission","decl":{"start":{"line":25,"column":9},"end":{"line":25,"column":23}},"loc":{"start":{"line":25,"column":26},"end":{"line":76,"column":1}},"line":25},"2":{"name":"cancelSubmission","decl":{"start":{"line":81,"column":9},"end":{"line":81,"column":25}},"loc":{"start":{"line":81,"column":28},"end":{"line":83,"column":1}},"line":81}},"branchMap":{"0":{"loc":{"start":{"line":12,"column":2},"end":{"line":18,"column":3}},"type":"if","locations":[{"start":{"line":12,"column":2},"end":{"line":18,"column":3}},{"start":{"line":16,"column":9},"end":{"line":18,"column":3}}],"line":12},"1":{"loc":{"start":{"line":12,"column":6},"end":{"line":12,"column":70}},"type":"binary-expr","locations":[{"start":{"line":12,"column":6},"end":{"line":12,"column":16}},{"start":{"line":12,"column":20},"end":{"line":12,"column":29}},{"start":{"line":12,"column":33},"end":{"line":12,"column":50}},{"start":{"line":12,"column":54},"end":{"line":12,"column":70}}],"line":12},"2":{"loc":{"start":{"line":36,"column":2},"end":{"line":75,"column":3}},"type":"if","locations":[{"start":{"line":36,"column":2},"end":{"line":75,"column":3}},{"start":{},"end":{}}],"line":36},"3":{"loc":{"start":{"line":44,"column":4},"end":{"line":46,"column":5}},"type":"if","locations":[{"start":{"line":44,"column":4},"end":{"line":46,"column":5}},{"start":{},"end":{}}],"line":44},"4":{"loc":{"start":{"line":84,"column":0},"end":{"line":86,"column":1}},"type":"if","locations":[{"start":{"line":84,"column":0},"end":{"line":86,"column":1}},{"start":{},"end":{}}],"line":84},"5":{"loc":{"start":{"line":84,"column":4},"end":{"line":84,"column":48}},"type":"binary-expr","locations":[{"start":{"line":84,"column":4},"end":{"line":84,"column":30}},{"start":{"line":84,"column":34},"end":{"line":84,"column":48}}],"line":84}},"s":{"0":7,"1":4,"2":4,"3":3,"4":2,"5":2,"6":2,"7":2,"8":2,"9":2,"10":2,"11":2,"12":2,"13":2,"14":2,"15":0,"16":2,"17":2,"18":2,"19":2,"20":2,"21":2,"22":2,"23":2,"24":1,"25":1,"26":1},"f":{"0":7,"1":2,"2":1},"b":{"0":[4,3],"1":[7,6,5,4],"2":[2,0],"3":[0,2],"4":[1,0],"5":[1,1]},"_coverageSchema":"1a1c01bbd47fc00a2c39e90264f33305004495a9","hash":"11af152a1311d08f27bf8306f379e14440c5879d"}
,"C:\\Users\\Patric\\school\\SP24\\cse110\\cse110-sp24-group15\\project\\addProjectPage\\add_project_page.js": {"path":"C:\\Users\\Patric\\school\\SP24\\cse110\\cse110-sp24-group15\\project\\addProjectPage\\add_project_page.js","statementMap":{"0":{"start":{"line":7,"column":22},"end":{"line":22,"column":5}},"1":{"start":{"line":23,"column":4},"end":{"line":23,"column":39}},"2":{"start":{"line":33,"column":22},"end":{"line":33,"column":42}},"3":{"start":{"line":34,"column":21},"end":{"line":34,"column":65}},"4":{"start":{"line":35,"column":20},"end":{"line":35,"column":45}},"5":{"start":{"line":36,"column":4},"end":{"line":45,"column":5}},"6":{"start":{"line":46,"column":4},"end":{"line":46,"column":39}},"7":{"start":{"line":57,"column":19},"end":{"line":57,"column":42}},"8":{"start":{"line":58,"column":4},"end":{"line":62,"column":5}},"9":{"start":{"line":59,"column":8},"end":{"line":59,"column":50}},"10":{"start":{"line":61,"column":8},"end":{"line":61,"column":56}},"11":{"start":{"line":63,"column":4},"end":{"line":63,"column":38}},"12":{"start":{"line":71,"column":21},"end":{"line":71,"column":39}},"13":{"start":{"line":72,"column":20},"end":{"line":72,"column":22}},"14":{"start":{"line":73,"column":4},"end":{"line":75,"column":5}},"15":{"start":{"line":74,"column":8},"end":{"line":74,"column":35}},"16":{"start":{"line":76,"column":4},"end":{"line":76,"column":111}},"17":{"start":{"line":79,"column":0},"end":{"line":97,"column":1}},"18":{"start":{"line":80,"column":17},"end":{"line":80,"column":47}},"19":{"start":{"line":81,"column":4},"end":{"line":96,"column":7}},"20":{"start":{"line":83,"column":8},"end":{"line":83,"column":31}},"21":{"start":{"line":86,"column":8},"end":{"line":89,"column":9}},"22":{"start":{"line":87,"column":12},"end":{"line":87,"column":34}},"23":{"start":{"line":88,"column":12},"end":{"line":88,"column":19}},"24":{"start":{"line":92,"column":8},"end":{"line":92,"column":31}},"25":{"start":{"line":95,"column":8},"end":{"line":95,"column":68}},"26":{"start":{"line":99,"column":0},"end":{"line":101,"column":1}},"27":{"start":{"line":100,"column":4},"end":{"line":100,"column":83}}},"fnMap":{"0":{"name":"initializeProjectData","decl":{"start":{"line":6,"column":9},"end":{"line":6,"column":30}},"loc":{"start":{"line":6,"column":40},"end":{"line":24,"column":1}},"line":6},"1":{"name":"updateProjectData","decl":{"start":{"line":32,"column":9},"end":{"line":32,"column":26}},"loc":{"start":{"line":32,"column":46},"end":{"line":47,"column":1}},"line":32},"2":{"name":"submissionLogic","decl":{"start":{"line":56,"column":9},"end":{"line":56,"column":24}},"loc":{"start":{"line":56,"column":52},"end":{"line":64,"column":1}},"line":56},"3":{"name":"handleSubmission","decl":{"start":{"line":70,"column":9},"end":{"line":70,"column":25}},"loc":{"start":{"line":70,"column":32},"end":{"line":77,"column":1}},"line":70},"4":{"name":"(anonymous_4)","decl":{"start":{"line":81,"column":36},"end":{"line":81,"column":37}},"loc":{"start":{"line":81,"column":47},"end":{"line":96,"column":5}},"line":81}},"branchMap":{"0":{"loc":{"start":{"line":58,"column":4},"end":{"line":62,"column":5}},"type":"if","locations":[{"start":{"line":58,"column":4},"end":{"line":62,"column":5}},{"start":{"line":60,"column":11},"end":{"line":62,"column":5}}],"line":58},"1":{"loc":{"start":{"line":79,"column":0},"end":{"line":97,"column":1}},"type":"if","locations":[{"start":{"line":79,"column":0},"end":{"line":97,"column":1}},{"start":{},"end":{}}],"line":79},"2":{"loc":{"start":{"line":86,"column":8},"end":{"line":89,"column":9}},"type":"if","locations":[{"start":{"line":86,"column":8},"end":{"line":89,"column":9}},{"start":{},"end":{}}],"line":86},"3":{"loc":{"start":{"line":99,"column":0},"end":{"line":101,"column":1}},"type":"if","locations":[{"start":{"line":99,"column":0},"end":{"line":101,"column":1}},{"start":{},"end":{}}],"line":99},"4":{"loc":{"start":{"line":99,"column":4},"end":{"line":99,"column":48}},"type":"binary-expr","locations":[{"start":{"line":99,"column":4},"end":{"line":99,"column":30}},{"start":{"line":99,"column":34},"end":{"line":99,"column":48}}],"line":99}},"s":{"0":2,"1":2,"2":1,"3":1,"4":1,"5":1,"6":1,"7":1,"8":1,"9":1,"10":0,"11":1,"12":0,"13":0,"14":0,"15":0,"16":0,"17":1,"18":0,"19":0,"20":0,"21":0,"22":0,"23":0,"24":0,"25":0,"26":1,"27":1},"f":{"0":2,"1":1,"2":1,"3":0,"4":0},"b":{"0":[1,0],"1":[0,1],"2":[0,0],"3":[1,0],"4":[1,1]},"_coverageSchema":"1a1c01bbd47fc00a2c39e90264f33305004495a9","hash":"497a47c3210e8d2c6572e3048b8621be0d6b5872"}
,"C:\\Users\\Patric\\school\\SP24\\cse110\\cse110-sp24-group15\\project\\archivePage\\archive_page.js": {"path":"C:\\Users\\Patric\\school\\SP24\\cse110\\cse110-sp24-group15\\project\\archivePage\\archive_page.js","statementMap":{"0":{"start":{"line":1,"column":0},"end":{"line":167,"column":3}},"1":{"start":{"line":3,"column":28},"end":{"line":3,"column":29}},"2":{"start":{"line":6,"column":22},"end":{"line":6,"column":23}},"3":{"start":{"line":9,"column":19},"end":{"line":9,"column":21}},"4":{"start":{"line":12,"column":4},"end":{"line":12,"column":56}},"5":{"start":{"line":17,"column":23},"end":{"line":17,"column":59}},"6":{"start":{"line":20,"column":8},"end":{"line":33,"column":9}},"7":{"start":{"line":22,"column":12},"end":{"line":22,"column":44}},"8":{"start":{"line":25,"column":12},"end":{"line":25,"column":112}},"9":{"start":{"line":25,"column":88},"end":{"line":25,"column":110}},"10":{"start":{"line":28,"column":12},"end":{"line":28,"column":82}},"11":{"start":{"line":31,"column":12},"end":{"line":31,"column":26}},"12":{"start":{"line":32,"column":12},"end":{"line":32,"column":56}},"13":{"start":{"line":36,"column":8},"end":{"line":36,"column":26}},"14":{"start":{"line":42,"column":28},"end":{"line":42,"column":67}},"15":{"start":{"line":45,"column":8},"end":{"line":45,"column":35}},"16":{"start":{"line":48,"column":22},"end":{"line":48,"column":57}},"17":{"start":{"line":49,"column":20},"end":{"line":49,"column":43}},"18":{"start":{"line":52,"column":34},"end":{"line":52,"column":68}},"19":{"start":{"line":55,"column":8},"end":{"line":94,"column":11}},"20":{"start":{"line":57,"column":27},"end":{"line":57,"column":55}},"21":{"start":{"line":58,"column":12},"end":{"line":58,"column":46}},"22":{"start":{"line":61,"column":34},"end":{"line":61,"column":64}},"23":{"start":{"line":62,"column":12},"end":{"line":62,"column":62}},"24":{"start":{"line":63,"column":12},"end":{"line":63,"column":50}},"25":{"start":{"line":66,"column":31},"end":{"line":66,"column":63}},"26":{"start":{"line":67,"column":12},"end":{"line":67,"column":53}},"27":{"start":{"line":70,"column":23},"end":{"line":70,"column":50}},"28":{"start":{"line":71,"column":12},"end":{"line":71,"column":50}},"29":{"start":{"line":73,"column":12},"end":{"line":73,"column":43}},"30":{"start":{"line":76,"column":12},"end":{"line":79,"column":15}},"31":{"start":{"line":77,"column":16},"end":{"line":77,"column":40}},"32":{"start":{"line":78,"column":16},"end":{"line":78,"column":35}},"33":{"start":{"line":82,"column":12},"end":{"line":82,"column":47}},"34":{"start":{"line":85,"column":12},"end":{"line":90,"column":15}},"35":{"start":{"line":86,"column":31},"end":{"line":86,"column":79}},"36":{"start":{"line":87,"column":16},"end":{"line":87,"column":47}},"37":{"start":{"line":88,"column":16},"end":{"line":88,"column":79}},"38":{"start":{"line":89,"column":16},"end":{"line":89,"column":91}},"39":{"start":{"line":93,"column":12},"end":{"line":93,"column":46}},"40":{"start":{"line":100,"column":8},"end":{"line":100,"column":86}},"41":{"start":{"line":100,"column":55},"end":{"line":100,"column":84}},"42":{"start":{"line":103,"column":8},"end":{"line":103,"column":78}},"43":{"start":{"line":106,"column":23},"end":{"line":106,"column":71}},"44":{"start":{"line":109,"column":35},"end":{"line":111,"column":9}},"45":{"start":{"line":110,"column":75},"end":{"line":110,"column":102}},"46":{"start":{"line":114,"column":8},"end":{"line":114,"column":112}},"47":{"start":{"line":117,"column":8},"end":{"line":117,"column":26}},"48":{"start":{"line":123,"column":27},"end":{"line":123,"column":71}},"49":{"start":{"line":126,"column":35},"end":{"line":126,"column":93}},"50":{"start":{"line":129,"column":8},"end":{"line":129,"column":67}},"51":{"start":{"line":132,"column":8},"end":{"line":132,"column":26}},"52":{"start":{"line":133,"column":8},"end":{"line":133,"column":34}},"53":{"start":{"line":138,"column":28},"end":{"line":138,"column":60}},"54":{"start":{"line":139,"column":33},"end":{"line":141,"column":9}},"55":{"start":{"line":140,"column":12},"end":{"line":140,"column":67}},"56":{"start":{"line":144,"column":8},"end":{"line":144,"column":42}},"57":{"start":{"line":148,"column":4},"end":{"line":150,"column":7}},"58":{"start":{"line":149,"column":8},"end":{"line":149,"column":56}},"59":{"start":{"line":153,"column":4},"end":{"line":155,"column":7}},"60":{"start":{"line":154,"column":8},"end":{"line":154,"column":55}},"61":{"start":{"line":158,"column":4},"end":{"line":158,"column":82}},"62":{"start":{"line":161,"column":4},"end":{"line":161,"column":50}},"63":{"start":{"line":164,"column":4},"end":{"line":166,"column":5}},"64":{"start":{"line":165,"column":8},"end":{"line":165,"column":106}}},"fnMap":{"0":{"name":"(anonymous_0)","decl":{"start":{"line":1,"column":46},"end":{"line":1,"column":47}},"loc":{"start":{"line":1,"column":58},"end":{"line":167,"column":1}},"line":1},"1":{"name":"loadProjects","decl":{"start":{"line":15,"column":13},"end":{"line":15,"column":25}},"loc":{"start":{"line":15,"column":28},"end":{"line":37,"column":5}},"line":15},"2":{"name":"(anonymous_2)","decl":{"start":{"line":25,"column":68},"end":{"line":25,"column":69}},"loc":{"start":{"line":25,"column":88},"end":{"line":25,"column":110}},"line":25},"3":{"name":"displayProjects","decl":{"start":{"line":40,"column":13},"end":{"line":40,"column":28}},"loc":{"start":{"line":40,"column":58},"end":{"line":95,"column":5}},"line":40},"4":{"name":"(anonymous_4)","decl":{"start":{"line":55,"column":34},"end":{"line":55,"column":35}},"loc":{"start":{"line":55,"column":54},"end":{"line":94,"column":9}},"line":55},"5":{"name":"(anonymous_5)","decl":{"start":{"line":76,"column":51},"end":{"line":76,"column":52}},"loc":{"start":{"line":76,"column":62},"end":{"line":79,"column":13}},"line":76},"6":{"name":"(anonymous_6)","decl":{"start":{"line":85,"column":47},"end":{"line":85,"column":48}},"loc":{"start":{"line":85,"column":53},"end":{"line":90,"column":13}},"line":85},"7":{"name":"deleteProject","decl":{"start":{"line":98,"column":13},"end":{"line":98,"column":26}},"loc":{"start":{"line":98,"column":39},"end":{"line":118,"column":5}},"line":98},"8":{"name":"(anonymous_8)","decl":{"start":{"line":100,"column":35},"end":{"line":100,"column":36}},"loc":{"start":{"line":100,"column":55},"end":{"line":100,"column":84}},"line":100},"9":{"name":"(anonymous_9)","decl":{"start":{"line":110,"column":57},"end":{"line":110,"column":58}},"loc":{"start":{"line":110,"column":75},"end":{"line":110,"column":102}},"line":110},"10":{"name":"handlePageChange","decl":{"start":{"line":121,"column":13},"end":{"line":121,"column":29}},"loc":{"start":{"line":121,"column":54},"end":{"line":134,"column":5}},"line":121},"11":{"name":"handleSearch","decl":{"start":{"line":137,"column":13},"end":{"line":137,"column":25}},"loc":{"start":{"line":137,"column":33},"end":{"line":145,"column":5}},"line":137},"12":{"name":"(anonymous_12)","decl":{"start":{"line":139,"column":49},"end":{"line":139,"column":50}},"loc":{"start":{"line":140,"column":12},"end":{"line":140,"column":67}},"line":140},"13":{"name":"(anonymous_13)","decl":{"start":{"line":148,"column":71},"end":{"line":148,"column":72}},"loc":{"start":{"line":148,"column":77},"end":{"line":150,"column":5}},"line":148},"14":{"name":"(anonymous_14)","decl":{"start":{"line":153,"column":71},"end":{"line":153,"column":72}},"loc":{"start":{"line":153,"column":77},"end":{"line":155,"column":5}},"line":153}},"branchMap":{"0":{"loc":{"start":{"line":20,"column":8},"end":{"line":33,"column":9}},"type":"if","locations":[{"start":{"line":20,"column":8},"end":{"line":33,"column":9}},{"start":{"line":29,"column":15},"end":{"line":33,"column":9}}],"line":20},"1":{"loc":{"start":{"line":25,"column":88},"end":{"line":25,"column":110}},"type":"binary-expr","locations":[{"start":{"line":25,"column":88},"end":{"line":25,"column":91}},{"start":{"line":25,"column":95},"end":{"line":25,"column":110}}],"line":25},"2":{"loc":{"start":{"line":40,"column":29},"end":{"line":40,"column":56}},"type":"default-arg","locations":[{"start":{"line":40,"column":48},"end":{"line":40,"column":56}}],"line":40},"3":{"loc":{"start":{"line":100,"column":55},"end":{"line":100,"column":84}},"type":"binary-expr","locations":[{"start":{"line":100,"column":55},"end":{"line":100,"column":73}},{"start":{"line":100,"column":77},"end":{"line":100,"column":84}}],"line":100},"4":{"loc":{"start":{"line":110,"column":75},"end":{"line":110,"column":102}},"type":"binary-expr","locations":[{"start":{"line":110,"column":75},"end":{"line":110,"column":93}},{"start":{"line":110,"column":97},"end":{"line":110,"column":102}}],"line":110},"5":{"loc":{"start":{"line":164,"column":4},"end":{"line":166,"column":5}},"type":"if","locations":[{"start":{"line":164,"column":4},"end":{"line":166,"column":5}},{"start":{},"end":{}}],"line":164},"6":{"loc":{"start":{"line":164,"column":8},"end":{"line":164,"column":55}},"type":"binary-expr","locations":[{"start":{"line":164,"column":8},"end":{"line":164,"column":37}},{"start":{"line":164,"column":41},"end":{"line":164,"column":55}}],"line":164}},"s":{"0":1,"1":1,"2":1,"3":1,"4":1,"5":5,"6":5,"7":5,"8":5,"9":10,"10":5,"11":0,"12":0,"13":5,"14":10,"15":10,"16":10,"17":10,"18":10,"19":10,"20":15,"21":15,"22":15,"23":15,"24":15,"25":15,"26":15,"27":15,"28":15,"29":15,"30":15,"31":0,"32":0,"33":15,"34":15,"35":0,"36":0,"37":0,"38":0,"39":15,"40":1,"41":2,"42":1,"43":1,"44":1,"45":2,"46":1,"47":1,"48":4,"49":4,"50":4,"51":4,"52":4,"53":0,"54":0,"55":0,"56":0,"57":1,"58":1,"59":1,"60":1,"61":1,"62":1,"63":1,"64":1},"f":{"0":1,"1":5,"2":10,"3":10,"4":15,"5":0,"6":0,"7":1,"8":2,"9":2,"10":4,"11":0,"12":0,"13":1,"14":1},"b":{"0":[5,0],"1":[10,10],"2":[10],"3":[2,1],"4":[2,1],"5":[1,0],"6":[1,1]},"_coverageSchema":"1a1c01bbd47fc00a2c39e90264f33305004495a9","hash":"3de58ecc1f7a432be54a2eb42194fca402ad67fa"}
,"C:\\Users\\Patric\\school\\SP24\\cse110\\cse110-sp24-group15\\project\\feedbackPage\\feedback_page.js": {"path":"C:\\Users\\Patric\\school\\SP24\\cse110\\cse110-sp24-group15\\project\\feedbackPage\\feedback_page.js","statementMap":{"0":{"start":{"line":10,"column":4},"end":{"line":10,"column":21}},"1":{"start":{"line":11,"column":4},"end":{"line":11,"column":23}},"2":{"start":{"line":12,"column":4},"end":{"line":12,"column":29}},"3":{"start":{"line":13,"column":4},"end":{"line":13,"column":37}},"4":{"start":{"line":14,"column":15},"end":{"line":14,"column":25}},"5":{"start":{"line":15,"column":16},"end":{"line":15,"column":37}},"6":{"start":{"line":16,"column":4},"end":{"line":16,"column":22}},"7":{"start":{"line":23,"column":4},"end":{"line":23,"column":27}},"8":{"start":{"line":25,"column":15},"end":{"line":25,"column":52}},"9":{"start":{"line":26,"column":16},"end":{"line":26,"column":54}},"10":{"start":{"line":27,"column":19},"end":{"line":27,"column":60}},"11":{"start":{"line":29,"column":4},"end":{"line":32,"column":5}},"12":{"start":{"line":30,"column":8},"end":{"line":30,"column":50}},"13":{"start":{"line":31,"column":8},"end":{"line":31,"column":21}},"14":{"start":{"line":35,"column":27},"end":{"line":35,"column":83}},"15":{"start":{"line":36,"column":20},"end":{"line":38,"column":6}},"16":{"start":{"line":37,"column":8},"end":{"line":37,"column":27}},"17":{"start":{"line":41,"column":21},"end":{"line":41,"column":69}},"18":{"start":{"line":44,"column":22},"end":{"line":44,"column":84}},"19":{"start":{"line":47,"column":4},"end":{"line":47,"column":33}},"20":{"start":{"line":50,"column":4},"end":{"line":50,"column":78}},"21":{"start":{"line":52,"column":4},"end":{"line":52,"column":42}},"22":{"start":{"line":55,"column":4},"end":{"line":55,"column":70}},"23":{"start":{"line":59,"column":0},"end":{"line":61,"column":1}},"24":{"start":{"line":60,"column":4},"end":{"line":60,"column":40}}},"fnMap":{"0":{"name":"Submission","decl":{"start":{"line":9,"column":9},"end":{"line":9,"column":19}},"loc":{"start":{"line":9,"column":57},"end":{"line":17,"column":1}},"line":9},"1":{"name":"makeSubmission","decl":{"start":{"line":22,"column":9},"end":{"line":22,"column":23}},"loc":{"start":{"line":22,"column":31},"end":{"line":56,"column":1}},"line":22},"2":{"name":"(anonymous_2)","decl":{"start":{"line":36,"column":53},"end":{"line":36,"column":54}},"loc":{"start":{"line":36,"column":69},"end":{"line":38,"column":5}},"line":36}},"branchMap":{"0":{"loc":{"start":{"line":29,"column":4},"end":{"line":32,"column":5}},"type":"if","locations":[{"start":{"line":29,"column":4},"end":{"line":32,"column":5}},{"start":{},"end":{}}],"line":29},"1":{"loc":{"start":{"line":29,"column":8},"end":{"line":29,"column":36}},"type":"binary-expr","locations":[{"start":{"line":29,"column":8},"end":{"line":29,"column":13}},{"start":{"line":29,"column":17},"end":{"line":29,"column":23}},{"start":{"line":29,"column":27},"end":{"line":29,"column":36}}],"line":29},"2":{"loc":{"start":{"line":44,"column":22},"end":{"line":44,"column":84}},"type":"binary-expr","locations":[{"start":{"line":44,"column":22},"end":{"line":44,"column":78}},{"start":{"line":44,"column":82},"end":{"line":44,"column":84}}],"line":44},"3":{"loc":{"start":{"line":59,"column":0},"end":{"line":61,"column":1}},"type":"if","locations":[{"start":{"line":59,"column":0},"end":{"line":61,"column":1}},{"start":{},"end":{}}],"line":59},"4":{"loc":{"start":{"line":59,"column":4},"end":{"line":59,"column":51}},"type":"binary-expr","locations":[{"start":{"line":59,"column":4},"end":{"line":59,"column":33}},{"start":{"line":59,"column":37},"end":{"line":59,"column":51}}],"line":59}},"s":{"0":1,"1":1,"2":1,"3":1,"4":1,"5":1,"6":1,"7":2,"8":2,"9":2,"10":2,"11":2,"12":1,"13":1,"14":1,"15":1,"16":1,"17":1,"18":1,"19":1,"20":1,"21":1,"22":1,"23":1,"24":1},"f":{"0":1,"1":2,"2":1},"b":{"0":[1,1],"1":[2,1,1],"2":[1,0],"3":[1,0],"4":[1,1]},"_coverageSchema":"1a1c01bbd47fc00a2c39e90264f33305004495a9","hash":"f9fe0948a78952050b566607a9ad6f261462cad4"}
,"C:\\Users\\Patric\\school\\SP24\\cse110\\cse110-sp24-group15\\project\\homePage\\home_page.js": {"path":"C:\\Users\\Patric\\school\\SP24\\cse110\\cse110-sp24-group15\\project\\homePage\\home_page.js","statementMap":{"0":{"start":{"line":3,"column":25},"end":{"line":3,"column":60}},"1":{"start":{"line":4,"column":4},"end":{"line":4,"column":32}},"2":{"start":{"line":6,"column":24},"end":{"line":6,"column":72}},"3":{"start":{"line":7,"column":19},"end":{"line":7,"column":46}},"4":{"start":{"line":8,"column":4},"end":{"line":8,"column":26}},"5":{"start":{"line":9,"column":4},"end":{"line":17,"column":5}},"6":{"start":{"line":10,"column":8},"end":{"line":16,"column":9}},"7":{"start":{"line":11,"column":26},"end":{"line":11,"column":53}},"8":{"start":{"line":12,"column":12},"end":{"line":15,"column":13}},"9":{"start":{"line":13,"column":39},"end":{"line":13,"column":79}},"10":{"start":{"line":14,"column":16},"end":{"line":14,"column":57}},"11":{"start":{"line":22,"column":27},"end":{"line":22,"column":55}},"12":{"start":{"line":24,"column":25},"end":{"line":24,"column":53}},"13":{"start":{"line":25,"column":4},"end":{"line":25,"column":51}},"14":{"start":{"line":26,"column":4},"end":{"line":26,"column":48}},"15":{"start":{"line":27,"column":4},"end":{"line":27,"column":45}},"16":{"start":{"line":29,"column":27},"end":{"line":29,"column":56}},"17":{"start":{"line":30,"column":4},"end":{"line":30,"column":52}},"18":{"start":{"line":32,"column":35},"end":{"line":32,"column":64}},"19":{"start":{"line":33,"column":4},"end":{"line":33,"column":69}},"20":{"start":{"line":35,"column":23},"end":{"line":35,"column":50}},"21":{"start":{"line":36,"column":21},"end":{"line":36,"column":51}},"22":{"start":{"line":37,"column":4},"end":{"line":37,"column":36}},"23":{"start":{"line":38,"column":4},"end":{"line":38,"column":34}},"24":{"start":{"line":39,"column":4},"end":{"line":39,"column":37}},"25":{"start":{"line":40,"column":4},"end":{"line":40,"column":78}},"26":{"start":{"line":42,"column":22},"end":{"line":42,"column":52}},"27":{"start":{"line":44,"column":32},"end":{"line":44,"column":59}},"28":{"start":{"line":45,"column":30},"end":{"line":45,"column":60}},"29":{"start":{"line":46,"column":4},"end":{"line":46,"column":45}},"30":{"start":{"line":47,"column":4},"end":{"line":47,"column":52}},"31":{"start":{"line":48,"column":4},"end":{"line":48,"column":55}},"32":{"start":{"line":49,"column":4},"end":{"line":49,"column":96}},"33":{"start":{"line":51,"column":4},"end":{"line":51,"column":51}},"34":{"start":{"line":52,"column":4},"end":{"line":52,"column":50}},"35":{"start":{"line":53,"column":4},"end":{"line":53,"column":60}},"36":{"start":{"line":55,"column":4},"end":{"line":55,"column":55}},"37":{"start":{"line":57,"column":31},"end":{"line":57,"column":58}},"38":{"start":{"line":58,"column":29},"end":{"line":58,"column":59}},"39":{"start":{"line":59,"column":4},"end":{"line":59,"column":44}},"40":{"start":{"line":60,"column":4},"end":{"line":60,"column":50}},"41":{"start":{"line":61,"column":4},"end":{"line":61,"column":53}},"42":{"start":{"line":62,"column":4},"end":{"line":62,"column":94}},"43":{"start":{"line":63,"column":4},"end":{"line":63,"column":51}},"44":{"start":{"line":65,"column":4},"end":{"line":65,"column":47}},"45":{"start":{"line":67,"column":27},"end":{"line":67,"column":56}},"46":{"start":{"line":68,"column":4},"end":{"line":68,"column":52}},"47":{"start":{"line":70,"column":26},"end":{"line":70,"column":58}},"48":{"start":{"line":71,"column":4},"end":{"line":71,"column":42}},"49":{"start":{"line":72,"column":4},"end":{"line":72,"column":47}},"50":{"start":{"line":73,"column":4},"end":{"line":76,"column":7}},"51":{"start":{"line":74,"column":8},"end":{"line":74,"column":32}},"52":{"start":{"line":75,"column":8},"end":{"line":75,"column":34}},"53":{"start":{"line":77,"column":4},"end":{"line":77,"column":46}},"54":{"start":{"line":79,"column":25},"end":{"line":79,"column":57}},"55":{"start":{"line":80,"column":4},"end":{"line":80,"column":45}},"56":{"start":{"line":82,"column":17},"end":{"line":82,"column":44}},"57":{"start":{"line":83,"column":4},"end":{"line":83,"column":42}},"58":{"start":{"line":84,"column":4},"end":{"line":84,"column":35}},"59":{"start":{"line":86,"column":4},"end":{"line":89,"column":7}},"60":{"start":{"line":87,"column":8},"end":{"line":87,"column":32}},"61":{"start":{"line":88,"column":8},"end":{"line":88,"column":33}},"62":{"start":{"line":91,"column":4},"end":{"line":91,"column":45}},"63":{"start":{"line":92,"column":4},"end":{"line":92,"column":47}},"64":{"start":{"line":94,"column":4},"end":{"line":100,"column":7}},"65":{"start":{"line":95,"column":32},"end":{"line":95,"column":108}},"66":{"start":{"line":96,"column":8},"end":{"line":96,"column":52}},"67":{"start":{"line":97,"column":8},"end":{"line":97,"column":71}},"68":{"start":{"line":98,"column":8},"end":{"line":98,"column":78}},"69":{"start":{"line":99,"column":8},"end":{"line":99,"column":83}},"70":{"start":{"line":102,"column":4},"end":{"line":102,"column":26}},"71":{"start":{"line":107,"column":26},"end":{"line":107,"column":102}},"72":{"start":{"line":108,"column":4},"end":{"line":108,"column":73}},"73":{"start":{"line":109,"column":4},"end":{"line":109,"column":74}},"74":{"start":{"line":110,"column":4},"end":{"line":110,"column":21}},"75":{"start":{"line":115,"column":26},"end":{"line":115,"column":102}},"76":{"start":{"line":116,"column":22},"end":{"line":116,"column":50}},"77":{"start":{"line":117,"column":4},"end":{"line":117,"column":34}},"78":{"start":{"line":120,"column":25},"end":{"line":125,"column":10}},"79":{"start":{"line":121,"column":8},"end":{"line":123,"column":9}},"80":{"start":{"line":122,"column":12},"end":{"line":122,"column":60}},"81":{"start":{"line":124,"column":8},"end":{"line":124,"column":23}},"82":{"start":{"line":127,"column":4},"end":{"line":127,"column":50}},"83":{"start":{"line":128,"column":4},"end":{"line":128,"column":74}},"84":{"start":{"line":129,"column":4},"end":{"line":129,"column":21}},"85":{"start":{"line":134,"column":0},"end":{"line":134,"column":17}},"86":{"start":{"line":136,"column":0},"end":{"line":138,"column":1}},"87":{"start":{"line":137,"column":4},"end":{"line":137,"column":69}}},"fnMap":{"0":{"name":"renderProjects","decl":{"start":{"line":2,"column":9},"end":{"line":2,"column":23}},"loc":{"start":{"line":2,"column":26},"end":{"line":18,"column":1}},"line":2},"1":{"name":"createProjectElement","decl":{"start":{"line":21,"column":9},"end":{"line":21,"column":29}},"loc":{"start":{"line":21,"column":50},"end":{"line":103,"column":1}},"line":21},"2":{"name":"(anonymous_2)","decl":{"start":{"line":73,"column":44},"end":{"line":73,"column":45}},"loc":{"start":{"line":73,"column":55},"end":{"line":76,"column":5}},"line":73},"3":{"name":"(anonymous_3)","decl":{"start":{"line":86,"column":43},"end":{"line":86,"column":44}},"loc":{"start":{"line":86,"column":54},"end":{"line":89,"column":5}},"line":86},"4":{"name":"(anonymous_4)","decl":{"start":{"line":94,"column":45},"end":{"line":94,"column":46}},"loc":{"start":{"line":94,"column":51},"end":{"line":100,"column":5}},"line":94},"5":{"name":"archiveProject","decl":{"start":{"line":106,"column":9},"end":{"line":106,"column":23}},"loc":{"start":{"line":106,"column":35},"end":{"line":111,"column":1}},"line":106},"6":{"name":"deleteProject","decl":{"start":{"line":114,"column":9},"end":{"line":114,"column":22}},"loc":{"start":{"line":114,"column":34},"end":{"line":130,"column":1}},"line":114},"7":{"name":"(anonymous_7)","decl":{"start":{"line":120,"column":57},"end":{"line":120,"column":58}},"loc":{"start":{"line":120,"column":75},"end":{"line":125,"column":5}},"line":120}},"branchMap":{"0":{"loc":{"start":{"line":10,"column":8},"end":{"line":16,"column":9}},"type":"if","locations":[{"start":{"line":10,"column":8},"end":{"line":16,"column":9}},{"start":{},"end":{}}],"line":10},"1":{"loc":{"start":{"line":12,"column":12},"end":{"line":15,"column":13}},"type":"if","locations":[{"start":{"line":12,"column":12},"end":{"line":15,"column":13}},{"start":{},"end":{}}],"line":12},"2":{"loc":{"start":{"line":121,"column":8},"end":{"line":123,"column":9}},"type":"if","locations":[{"start":{"line":121,"column":8},"end":{"line":123,"column":9}},{"start":{},"end":{}}],"line":121},"3":{"loc":{"start":{"line":136,"column":0},"end":{"line":138,"column":1}},"type":"if","locations":[{"start":{"line":136,"column":0},"end":{"line":138,"column":1}},{"start":{},"end":{}}],"line":136},"4":{"loc":{"start":{"line":136,"column":4},"end":{"line":136,"column":48}},"type":"binary-expr","locations":[{"start":{"line":136,"column":4},"end":{"line":136,"column":30}},{"start":{"line":136,"column":34},"end":{"line":136,"column":48}}],"line":136}},"s":{"0":4,"1":4,"2":4,"3":4,"4":4,"5":4,"6":8,"7":8,"8":8,"9":8,"10":8,"11":8,"12":8,"13":8,"14":8,"15":8,"16":8,"17":8,"18":8,"19":8,"20":8,"21":8,"22":8,"23":8,"24":8,"25":8,"26":8,"27":8,"28":8,"29":8,"30":8,"31":8,"32":8,"33":8,"34":8,"35":8,"36":8,"37":8,"38":8,"39":8,"40":8,"41":8,"42":8,"43":8,"44":8,"45":8,"46":8,"47":8,"48":8,"49":8,"50":8,"51":0,"52":0,"53":8,"54":8,"55":8,"56":8,"57":8,"58":8,"59":8,"60":0,"61":0,"62":8,"63":8,"64":8,"65":0,"66":0,"67":0,"68":0,"69":0,"70":8,"71":1,"72":1,"73":1,"74":1,"75":1,"76":1,"77":1,"78":1,"79":2,"80":1,"81":2,"82":1,"83":1,"84":1,"85":1,"86":1,"87":1},"f":{"0":4,"1":8,"2":0,"3":0,"4":0,"5":1,"6":1,"7":2},"b":{"0":[8,0],"1":[8,0],"2":[1,1],"3":[1,0],"4":[1,1]},"_coverageSchema":"1a1c01bbd47fc00a2c39e90264f33305004495a9","hash":"cc5efe07b004e28991e7b3bf26241286243060dd"}
,"C:\\Users\\Patric\\school\\SP24\\cse110\\cse110-sp24-group15\\project\\projectHomePage\\project_home_page.js": {"path":"C:\\Users\\Patric\\school\\SP24\\cse110\\cse110-sp24-group15\\project\\projectHomePage\\project_home_page.js","statementMap":{"0":{"start":{"line":1,"column":0},"end":{"line":245,"column":3}},"1":{"start":{"line":2,"column":24},"end":{"line":2,"column":78}},"2":{"start":{"line":3,"column":30},"end":{"line":3,"column":57}},"3":{"start":{"line":6,"column":29},"end":{"line":14,"column":5}},"4":{"start":{"line":7,"column":8},"end":{"line":13,"column":9}},"5":{"start":{"line":8,"column":12},"end":{"line":8,"column":25}},"6":{"start":{"line":9,"column":15},"end":{"line":13,"column":9}},"7":{"start":{"line":10,"column":12},"end":{"line":10,"column":50}},"8":{"start":{"line":12,"column":12},"end":{"line":12,"column":31}},"9":{"start":{"line":17,"column":27},"end":{"line":40,"column":5}},"10":{"start":{"line":18,"column":26},"end":{"line":18,"column":76}},"11":{"start":{"line":19,"column":8},"end":{"line":37,"column":9}},"12":{"start":{"line":20,"column":12},"end":{"line":20,"column":61}},"13":{"start":{"line":21,"column":12},"end":{"line":21,"column":57}},"14":{"start":{"line":22,"column":12},"end":{"line":22,"column":38}},"15":{"start":{"line":23,"column":12},"end":{"line":23,"column":41}},"16":{"start":{"line":24,"column":12},"end":{"line":24,"column":44}},"17":{"start":{"line":25,"column":12},"end":{"line":27,"column":13}},"18":{"start":{"line":26,"column":16},"end":{"line":26,"column":38}},"19":{"start":{"line":29,"column":12},"end":{"line":29,"column":60}},"20":{"start":{"line":30,"column":12},"end":{"line":30,"column":57}},"21":{"start":{"line":31,"column":12},"end":{"line":31,"column":38}},"22":{"start":{"line":32,"column":12},"end":{"line":32,"column":41}},"23":{"start":{"line":33,"column":12},"end":{"line":35,"column":13}},"24":{"start":{"line":34,"column":16},"end":{"line":34,"column":51}},"25":{"start":{"line":36,"column":12},"end":{"line":36,"column":28}},"26":{"start":{"line":38,"column":29},"end":{"line":38,"column":39}},"27":{"start":{"line":39,"column":8},"end":{"line":39,"column":72}},"28":{"start":{"line":43,"column":24},"end":{"line":65,"column":5}},"29":{"start":{"line":44,"column":8},"end":{"line":60,"column":9}},"30":{"start":{"line":45,"column":12},"end":{"line":45,"column":99}},"31":{"start":{"line":46,"column":15},"end":{"line":60,"column":9}},"32":{"start":{"line":47,"column":23},"end":{"line":47,"column":47}},"33":{"start":{"line":48,"column":12},"end":{"line":57,"column":13}},"34":{"start":{"line":49,"column":16},"end":{"line":49,"column":139}},"35":{"start":{"line":51,"column":32},"end":{"line":51,"column":58}},"36":{"start":{"line":52,"column":33},"end":{"line":52,"column":60}},"37":{"start":{"line":53,"column":16},"end":{"line":55,"column":17}},"38":{"start":{"line":54,"column":20},"end":{"line":54,"column":45}},"39":{"start":{"line":56,"column":16},"end":{"line":56,"column":92}},"40":{"start":{"line":58,"column":38},"end":{"line":58,"column":84}},"41":{"start":{"line":59,"column":12},"end":{"line":59,"column":42}},"42":{"start":{"line":61,"column":8},"end":{"line":61,"column":74}},"43":{"start":{"line":62,"column":30},"end":{"line":62,"column":51}},"44":{"start":{"line":63,"column":8},"end":{"line":63,"column":45}},"45":{"start":{"line":64,"column":8},"end":{"line":64,"column":34}},"46":{"start":{"line":68,"column":33},"end":{"line":78,"column":5}},"47":{"start":{"line":69,"column":8},"end":{"line":69,"column":61}},"48":{"start":{"line":70,"column":8},"end":{"line":70,"column":35}},"49":{"start":{"line":71,"column":8},"end":{"line":77,"column":17}},"50":{"start":{"line":72,"column":12},"end":{"line":72,"column":57}},"51":{"start":{"line":73,"column":12},"end":{"line":73,"column":42}},"52":{"start":{"line":74,"column":12},"end":{"line":74,"column":38}},"53":{"start":{"line":75,"column":34},"end":{"line":75,"column":51}},"54":{"start":{"line":76,"column":12},"end":{"line":76,"column":52}},"55":{"start":{"line":81,"column":25},"end":{"line":157,"column":5}},"56":{"start":{"line":82,"column":19},"end":{"line":82,"column":36}},"57":{"start":{"line":83,"column":24},"end":{"line":83,"column":53}},"58":{"start":{"line":84,"column":8},"end":{"line":154,"column":11}},"59":{"start":{"line":88,"column":12},"end":{"line":88,"column":42}},"60":{"start":{"line":89,"column":12},"end":{"line":95,"column":13}},"61":{"start":{"line":90,"column":33},"end":{"line":90,"column":65}},"62":{"start":{"line":91,"column":16},"end":{"line":91,"column":48}},"63":{"start":{"line":92,"column":16},"end":{"line":92,"column":46}},"64":{"start":{"line":93,"column":16},"end":{"line":93,"column":66}},"65":{"start":{"line":94,"column":16},"end":{"line":94,"column":23}},"66":{"start":{"line":98,"column":12},"end":{"line":98,"column":52}},"67":{"start":{"line":99,"column":12},"end":{"line":109,"column":13}},"68":{"start":{"line":100,"column":28},"end":{"line":100,"column":57}},"69":{"start":{"line":101,"column":16},"end":{"line":101,"column":44}},"70":{"start":{"line":102,"column":33},"end":{"line":102,"column":64}},"71":{"start":{"line":103,"column":16},"end":{"line":103,"column":43}},"72":{"start":{"line":104,"column":16},"end":{"line":104,"column":41}},"73":{"start":{"line":105,"column":16},"end":{"line":105,"column":42}},"74":{"start":{"line":106,"column":16},"end":{"line":106,"column":73}},"75":{"start":{"line":107,"column":16},"end":{"line":107,"column":41}},"76":{"start":{"line":108,"column":16},"end":{"line":108,"column":23}},"77":{"start":{"line":112,"column":12},"end":{"line":112,"column":53}},"78":{"start":{"line":113,"column":12},"end":{"line":124,"column":13}},"79":{"start":{"line":114,"column":28},"end":{"line":114,"column":57}},"80":{"start":{"line":115,"column":16},"end":{"line":115,"column":44}},"81":{"start":{"line":116,"column":33},"end":{"line":116,"column":64}},"82":{"start":{"line":117,"column":16},"end":{"line":117,"column":43}},"83":{"start":{"line":118,"column":16},"end":{"line":118,"column":40}},"84":{"start":{"line":119,"column":16},"end":{"line":119,"column":41}},"85":{"start":{"line":120,"column":16},"end":{"line":120,"column":42}},"86":{"start":{"line":121,"column":16},"end":{"line":121,"column":73}},"87":{"start":{"line":122,"column":16},"end":{"line":122,"column":41}},"88":{"start":{"line":123,"column":16},"end":{"line":123,"column":23}},"89":{"start":{"line":127,"column":12},"end":{"line":127,"column":48}},"90":{"start":{"line":128,"column":12},"end":{"line":137,"column":13}},"91":{"start":{"line":129,"column":28},"end":{"line":129,"column":57}},"92":{"start":{"line":130,"column":33},"end":{"line":130,"column":64}},"93":{"start":{"line":131,"column":16},"end":{"line":131,"column":43}},"94":{"start":{"line":132,"column":16},"end":{"line":132,"column":41}},"95":{"start":{"line":133,"column":16},"end":{"line":133,"column":42}},"96":{"start":{"line":134,"column":16},"end":{"line":134,"column":73}},"97":{"start":{"line":135,"column":16},"end":{"line":135,"column":41}},"98":{"start":{"line":136,"column":16},"end":{"line":136,"column":23}},"99":{"start":{"line":140,"column":12},"end":{"line":140,"column":49}},"100":{"start":{"line":141,"column":12},"end":{"line":151,"column":13}},"101":{"start":{"line":142,"column":28},"end":{"line":142,"column":57}},"102":{"start":{"line":143,"column":33},"end":{"line":143,"column":64}},"103":{"start":{"line":144,"column":16},"end":{"line":144,"column":43}},"104":{"start":{"line":145,"column":16},"end":{"line":145,"column":40}},"105":{"start":{"line":146,"column":16},"end":{"line":146,"column":41}},"106":{"start":{"line":147,"column":16},"end":{"line":147,"column":42}},"107":{"start":{"line":148,"column":16},"end":{"line":148,"column":73}},"108":{"start":{"line":149,"column":16},"end":{"line":149,"column":41}},"109":{"start":{"line":150,"column":16},"end":{"line":150,"column":23}},"110":{"start":{"line":152,"column":12},"end":{"line":152,"column":63}},"111":{"start":{"line":153,"column":12},"end":{"line":153,"column":62}},"112":{"start":{"line":155,"column":8},"end":{"line":155,"column":31}},"113":{"start":{"line":156,"column":8},"end":{"line":156,"column":37}},"114":{"start":{"line":161,"column":32},"end":{"line":172,"column":5}},"115":{"start":{"line":163,"column":8},"end":{"line":170,"column":9}},"116":{"start":{"line":164,"column":12},"end":{"line":164,"column":86}},"117":{"start":{"line":165,"column":12},"end":{"line":167,"column":13}},"118":{"start":{"line":166,"column":16},"end":{"line":166,"column":59}},"119":{"start":{"line":168,"column":15},"end":{"line":170,"column":9}},"120":{"start":{"line":169,"column":12},"end":{"line":169,"column":88}},"121":{"start":{"line":171,"column":8},"end":{"line":171,"column":35}},"122":{"start":{"line":175,"column":4},"end":{"line":229,"column":5}},"123":{"start":{"line":176,"column":31},"end":{"line":176,"column":85}},"124":{"start":{"line":178,"column":8},"end":{"line":178,"column":107}},"125":{"start":{"line":179,"column":8},"end":{"line":179,"column":146}},"126":{"start":{"line":180,"column":8},"end":{"line":180,"column":150}},"127":{"start":{"line":181,"column":8},"end":{"line":181,"column":95}},"128":{"start":{"line":182,"column":8},"end":{"line":182,"column":73}},"129":{"start":{"line":183,"column":8},"end":{"line":183,"column":136}},"130":{"start":{"line":185,"column":8},"end":{"line":185,"column":67}},"131":{"start":{"line":188,"column":8},"end":{"line":191,"column":11}},"132":{"start":{"line":189,"column":29},"end":{"line":189,"column":73}},"133":{"start":{"line":190,"column":12},"end":{"line":190,"column":87}},"134":{"start":{"line":193,"column":8},"end":{"line":196,"column":11}},"135":{"start":{"line":194,"column":31},"end":{"line":194,"column":77}},"136":{"start":{"line":195,"column":12},"end":{"line":195,"column":93}},"137":{"start":{"line":199,"column":8},"end":{"line":205,"column":11}},"138":{"start":{"line":200,"column":29},"end":{"line":200,"column":73}},"139":{"start":{"line":201,"column":28},"end":{"line":201,"column":68}},"140":{"start":{"line":202,"column":12},"end":{"line":204,"column":13}},"141":{"start":{"line":203,"column":16},"end":{"line":203,"column":58}},"142":{"start":{"line":208,"column":8},"end":{"line":214,"column":11}},"143":{"start":{"line":209,"column":31},"end":{"line":209,"column":77}},"144":{"start":{"line":210,"column":28},"end":{"line":210,"column":70}},"145":{"start":{"line":211,"column":12},"end":{"line":213,"column":13}},"146":{"start":{"line":212,"column":16},"end":{"line":212,"column":62}},"147":{"start":{"line":216,"column":34},"end":{"line":216,"column":80}},"148":{"start":{"line":217,"column":8},"end":{"line":221,"column":11}},"149":{"start":{"line":218,"column":12},"end":{"line":220,"column":13}},"150":{"start":{"line":219,"column":16},"end":{"line":219,"column":39}},"151":{"start":{"line":223,"column":8},"end":{"line":223,"column":77}},"152":{"start":{"line":224,"column":8},"end":{"line":224,"column":103}},"153":{"start":{"line":225,"column":8},"end":{"line":225,"column":121}},"154":{"start":{"line":226,"column":8},"end":{"line":226,"column":66}},"155":{"start":{"line":227,"column":8},"end":{"line":227,"column":73}},"156":{"start":{"line":228,"column":8},"end":{"line":228,"column":99}},"157":{"start":{"line":232,"column":27},"end":{"line":239,"column":5}},"158":{"start":{"line":233,"column":24},"end":{"line":233,"column":56}},"159":{"start":{"line":234,"column":28},"end":{"line":234,"column":54}},"160":{"start":{"line":235,"column":34},"end":{"line":235,"column":107}},"161":{"start":{"line":236,"column":8},"end":{"line":238,"column":9}},"162":{"start":{"line":237,"column":12},"end":{"line":237,"column":46}},"163":{"start":{"line":241,"column":4},"end":{"line":241,"column":52}},"164":{"start":{"line":242,"column":4},"end":{"line":242,"column":78}},"165":{"start":{"line":243,"column":4},"end":{"line":243,"column":96}},"166":{"start":{"line":244,"column":4},"end":{"line":244,"column":74}}},"fnMap":{"0":{"name":"(anonymous_0)","decl":{"start":{"line":1,"column":46},"end":{"line":1,"column":47}},"loc":{"start":{"line":1,"column":52},"end":{"line":245,"column":1}},"line":1},"1":{"name":"(anonymous_1)","decl":{"start":{"line":6,"column":29},"end":{"line":6,"column":30}},"loc":{"start":{"line":6,"column":53},"end":{"line":14,"column":5}},"line":6},"2":{"name":"(anonymous_2)","decl":{"start":{"line":17,"column":27},"end":{"line":17,"column":28}},"loc":{"start":{"line":17,"column":51},"end":{"line":40,"column":5}},"line":17},"3":{"name":"(anonymous_3)","decl":{"start":{"line":43,"column":24},"end":{"line":43,"column":25}},"loc":{"start":{"line":43,"column":48},"end":{"line":65,"column":5}},"line":43},"4":{"name":"(anonymous_4)","decl":{"start":{"line":68,"column":33},"end":{"line":68,"column":34}},"loc":{"start":{"line":68,"column":42},"end":{"line":78,"column":5}},"line":68},"5":{"name":"(anonymous_5)","decl":{"start":{"line":71,"column":19},"end":{"line":71,"column":20}},"loc":{"start":{"line":71,"column":25},"end":{"line":77,"column":9}},"line":71},"6":{"name":"(anonymous_6)","decl":{"start":{"line":81,"column":25},"end":{"line":81,"column":26}},"loc":{"start":{"line":81,"column":38},"end":{"line":157,"column":5}},"line":81},"7":{"name":"(anonymous_7)","decl":{"start":{"line":84,"column":33},"end":{"line":84,"column":34}},"loc":{"start":{"line":84,"column":41},"end":{"line":154,"column":9}},"line":84},"8":{"name":"(anonymous_8)","decl":{"start":{"line":161,"column":32},"end":{"line":161,"column":33}},"loc":{"start":{"line":161,"column":51},"end":{"line":172,"column":5}},"line":161},"9":{"name":"(anonymous_9)","decl":{"start":{"line":188,"column":75},"end":{"line":188,"column":76}},"loc":{"start":{"line":188,"column":81},"end":{"line":191,"column":9}},"line":188},"10":{"name":"(anonymous_10)","decl":{"start":{"line":193,"column":77},"end":{"line":193,"column":78}},"loc":{"start":{"line":193,"column":83},"end":{"line":196,"column":9}},"line":193},"11":{"name":"(anonymous_11)","decl":{"start":{"line":199,"column":82},"end":{"line":199,"column":83}},"loc":{"start":{"line":199,"column":88},"end":{"line":205,"column":9}},"line":199},"12":{"name":"(anonymous_12)","decl":{"start":{"line":208,"column":81},"end":{"line":208,"column":82}},"loc":{"start":{"line":208,"column":87},"end":{"line":214,"column":9}},"line":208},"13":{"name":"(anonymous_13)","decl":{"start":{"line":217,"column":52},"end":{"line":217,"column":53}},"loc":{"start":{"line":217,"column":63},"end":{"line":221,"column":9}},"line":217},"14":{"name":"(anonymous_14)","decl":{"start":{"line":232,"column":27},"end":{"line":232,"column":28}},"loc":{"start":{"line":232,"column":54},"end":{"line":239,"column":5}},"line":232}},"branchMap":{"0":{"loc":{"start":{"line":2,"column":24},"end":{"line":2,"column":78}},"type":"binary-expr","locations":[{"start":{"line":2,"column":24},"end":{"line":2,"column":72}},{"start":{"line":2,"column":76},"end":{"line":2,"column":78}}],"line":2},"1":{"loc":{"start":{"line":7,"column":8},"end":{"line":13,"column":9}},"type":"if","locations":[{"start":{"line":7,"column":8},"end":{"line":13,"column":9}},{"start":{"line":9,"column":15},"end":{"line":13,"column":9}}],"line":7},"2":{"loc":{"start":{"line":7,"column":12},"end":{"line":7,"column":53}},"type":"binary-expr","locations":[{"start":{"line":7,"column":12},"end":{"line":7,"column":37}},{"start":{"line":7,"column":41},"end":{"line":7,"column":53}}],"line":7},"3":{"loc":{"start":{"line":9,"column":15},"end":{"line":13,"column":9}},"type":"if","locations":[{"start":{"line":9,"column":15},"end":{"line":13,"column":9}},{"start":{"line":11,"column":15},"end":{"line":13,"column":9}}],"line":9},"4":{"loc":{"start":{"line":9,"column":19},"end":{"line":9,"column":77}},"type":"binary-expr","locations":[{"start":{"line":9,"column":19},"end":{"line":9,"column":44}},{"start":{"line":9,"column":48},"end":{"line":9,"column":77}}],"line":9},"5":{"loc":{"start":{"line":19,"column":8},"end":{"line":37,"column":9}},"type":"if","locations":[{"start":{"line":19,"column":8},"end":{"line":37,"column":9}},{"start":{"line":28,"column":15},"end":{"line":37,"column":9}}],"line":19},"6":{"loc":{"start":{"line":25,"column":12},"end":{"line":27,"column":13}},"type":"if","locations":[{"start":{"line":25,"column":12},"end":{"line":27,"column":13}},{"start":{},"end":{}}],"line":25},"7":{"loc":{"start":{"line":33,"column":12},"end":{"line":35,"column":13}},"type":"if","locations":[{"start":{"line":33,"column":12},"end":{"line":35,"column":13}},{"start":{},"end":{}}],"line":33},"8":{"loc":{"start":{"line":44,"column":8},"end":{"line":60,"column":9}},"type":"if","locations":[{"start":{"line":44,"column":8},"end":{"line":60,"column":9}},{"start":{"line":46,"column":15},"end":{"line":60,"column":9}}],"line":44},"9":{"loc":{"start":{"line":46,"column":15},"end":{"line":60,"column":9}},"type":"if","locations":[{"start":{"line":46,"column":15},"end":{"line":60,"column":9}},{"start":{},"end":{}}],"line":46},"10":{"loc":{"start":{"line":48,"column":12},"end":{"line":57,"column":13}},"type":"if","locations":[{"start":{"line":48,"column":12},"end":{"line":57,"column":13}},{"start":{"line":50,"column":19},"end":{"line":57,"column":13}}],"line":48},"11":{"loc":{"start":{"line":53,"column":16},"end":{"line":55,"column":17}},"type":"if","locations":[{"start":{"line":53,"column":16},"end":{"line":55,"column":17}},{"start":{},"end":{}}],"line":53},"12":{"loc":{"start":{"line":53,"column":20},"end":{"line":53,"column":41}},"type":"binary-expr","locations":[{"start":{"line":53,"column":20},"end":{"line":53,"column":28}},{"start":{"line":53,"column":32},"end":{"line":53,"column":41}}],"line":53},"13":{"loc":{"start":{"line":89,"column":12},"end":{"line":95,"column":13}},"type":"if","locations":[{"start":{"line":89,"column":12},"end":{"line":95,"column":13}},{"start":{},"end":{}}],"line":89},"14":{"loc":{"start":{"line":99,"column":12},"end":{"line":109,"column":13}},"type":"if","locations":[{"start":{"line":99,"column":12},"end":{"line":109,"column":13}},{"start":{},"end":{}}],"line":99},"15":{"loc":{"start":{"line":113,"column":12},"end":{"line":124,"column":13}},"type":"if","locations":[{"start":{"line":113,"column":12},"end":{"line":124,"column":13}},{"start":{},"end":{}}],"line":113},"16":{"loc":{"start":{"line":128,"column":12},"end":{"line":137,"column":13}},"type":"if","locations":[{"start":{"line":128,"column":12},"end":{"line":137,"column":13}},{"start":{},"end":{}}],"line":128},"17":{"loc":{"start":{"line":141,"column":12},"end":{"line":151,"column":13}},"type":"if","locations":[{"start":{"line":141,"column":12},"end":{"line":151,"column":13}},{"start":{},"end":{}}],"line":141},"18":{"loc":{"start":{"line":163,"column":8},"end":{"line":170,"column":9}},"type":"if","locations":[{"start":{"line":163,"column":8},"end":{"line":170,"column":9}},{"start":{"line":168,"column":15},"end":{"line":170,"column":9}}],"line":163},"19":{"loc":{"start":{"line":165,"column":12},"end":{"line":167,"column":13}},"type":"if","locations":[{"start":{"line":165,"column":12},"end":{"line":167,"column":13}},{"start":{},"end":{}}],"line":165},"20":{"loc":{"start":{"line":165,"column":16},"end":{"line":165,"column":74}},"type":"binary-expr","locations":[{"start":{"line":165,"column":16},"end":{"line":165,"column":40}},{"start":{"line":165,"column":44},"end":{"line":165,"column":74}}],"line":165},"21":{"loc":{"start":{"line":168,"column":15},"end":{"line":170,"column":9}},"type":"if","locations":[{"start":{"line":168,"column":15},"end":{"line":170,"column":9}},{"start":{},"end":{}}],"line":168},"22":{"loc":{"start":{"line":175,"column":4},"end":{"line":229,"column":5}},"type":"if","locations":[{"start":{"line":175,"column":4},"end":{"line":229,"column":5}},{"start":{"line":222,"column":11},"end":{"line":229,"column":5}}],"line":175},"23":{"loc":{"start":{"line":175,"column":8},"end":{"line":175,"column":83}},"type":"binary-expr","locations":[{"start":{"line":175,"column":8},"end":{"line":175,"column":25}},{"start":{"line":175,"column":29},"end":{"line":175,"column":83}}],"line":175},"24":{"loc":{"start":{"line":178,"column":62},"end":{"line":178,"column":106}},"type":"binary-expr","locations":[{"start":{"line":178,"column":62},"end":{"line":178,"column":88}},{"start":{"line":178,"column":92},"end":{"line":178,"column":106}}],"line":178},"25":{"loc":{"start":{"line":180,"column":69},"end":{"line":180,"column":149}},"type":"binary-expr","locations":[{"start":{"line":180,"column":69},"end":{"line":180,"column":94}},{"start":{"line":180,"column":98},"end":{"line":180,"column":149}}],"line":180},"26":{"loc":{"start":{"line":181,"column":62},"end":{"line":181,"column":94}},"type":"binary-expr","locations":[{"start":{"line":181,"column":62},"end":{"line":181,"column":87}},{"start":{"line":181,"column":91},"end":{"line":181,"column":94}}],"line":181},"27":{"loc":{"start":{"line":183,"column":72},"end":{"line":183,"column":135}},"type":"binary-expr","locations":[{"start":{"line":183,"column":72},"end":{"line":183,"column":105}},{"start":{"line":183,"column":109},"end":{"line":183,"column":135}}],"line":183},"28":{"loc":{"start":{"line":202,"column":12},"end":{"line":204,"column":13}},"type":"if","locations":[{"start":{"line":202,"column":12},"end":{"line":204,"column":13}},{"start":{},"end":{}}],"line":202},"29":{"loc":{"start":{"line":211,"column":12},"end":{"line":213,"column":13}},"type":"if","locations":[{"start":{"line":211,"column":12},"end":{"line":213,"column":13}},{"start":{},"end":{}}],"line":211},"30":{"loc":{"start":{"line":218,"column":12},"end":{"line":220,"column":13}},"type":"if","locations":[{"start":{"line":218,"column":12},"end":{"line":220,"column":13}},{"start":{},"end":{}}],"line":218},"31":{"loc":{"start":{"line":235,"column":34},"end":{"line":235,"column":107}},"type":"binary-expr","locations":[{"start":{"line":235,"column":34},"end":{"line":235,"column":46}},{"start":{"line":235,"column":50},"end":{"line":235,"column":83}},{"start":{"line":235,"column":87},"end":{"line":235,"column":107}}],"line":235},"32":{"loc":{"start":{"line":236,"column":8},"end":{"line":238,"column":9}},"type":"if","locations":[{"start":{"line":236,"column":8},"end":{"line":238,"column":9}},{"start":{},"end":{}}],"line":236}},"s":{"0":1,"1":1,"2":1,"3":1,"4":1,"5":1,"6":0,"7":0,"8":0,"9":1,"10":0,"11":0,"12":0,"13":0,"14":0,"15":0,"16":0,"17":0,"18":0,"19":0,"20":0,"21":0,"22":0,"23":0,"24":0,"25":0,"26":0,"27":0,"28":1,"29":0,"30":0,"31":0,"32":0,"33":0,"34":0,"35":0,"36":0,"37":0,"38":0,"39":0,"40":0,"41":0,"42":0,"43":0,"44":0,"45":0,"46":1,"47":0,"48":0,"49":0,"50":0,"51":0,"52":0,"53":0,"54":0,"55":1,"56":1,"57":1,"58":1,"59":1,"60":1,"61":0,"62":0,"63":0,"64":0,"65":0,"66":1,"67":1,"68":0,"69":0,"70":0,"71":0,"72":0,"73":0,"74":0,"75":0,"76":0,"77":1,"78":1,"79":0,"80":0,"81":0,"82":0,"83":0,"84":0,"85":0,"86":0,"87":0,"88":0,"89":1,"90":1,"91":0,"92":0,"93":0,"94":0,"95":0,"96":0,"97":0,"98":0,"99":1,"100":1,"101":0,"102":0,"103":0,"104":0,"105":0,"106":0,"107":0,"108":0,"109":0,"110":1,"111":1,"112":1,"113":1,"114":1,"115":0,"116":0,"117":0,"118":0,"119":0,"120":0,"121":0,"122":1,"123":1,"124":1,"125":1,"126":1,"127":1,"128":1,"129":1,"130":1,"131":1,"132":0,"133":0,"134":1,"135":0,"136":0,"137":1,"138":0,"139":0,"140":0,"141":0,"142":1,"143":0,"144":0,"145":0,"146":0,"147":1,"148":1,"149":0,"150":0,"151":0,"152":0,"153":0,"154":0,"155":0,"156":0,"157":1,"158":4,"159":4,"160":4,"161":4,"162":0,"163":1,"164":1,"165":1,"166":1},"f":{"0":1,"1":1,"2":0,"3":0,"4":0,"5":0,"6":1,"7":1,"8":0,"9":0,"10":0,"11":0,"12":0,"13":0,"14":4},"b":{"0":[1,0],"1":[1,0],"2":[1,1],"3":[0,0],"4":[0,0],"5":[0,0],"6":[0,0],"7":[0,0],"8":[0,0],"9":[0,0],"10":[0,0],"11":[0,0],"12":[0,0],"13":[0,1],"14":[0,1],"15":[0,1],"16":[0,1],"17":[0,1],"18":[0,0],"19":[0,0],"20":[0,0],"21":[0,0],"22":[1,0],"23":[1,1],"24":[1,0],"25":[1,0],"26":[1,0],"27":[1,0],"28":[0,0],"29":[0,0],"30":[0,0],"31":[4,4,4],"32":[0,4]},"_coverageSchema":"1a1c01bbd47fc00a2c39e90264f33305004495a9","hash":"27d06b8be34cf21f389e1c10e47596d7c412a68b"}
,"C:\\Users\\Patric\\school\\SP24\\cse110\\cse110-sp24-group15\\project\\weekPage\\week_page.js": {"path":"C:\\Users\\Patric\\school\\SP24\\cse110\\cse110-sp24-group15\\project\\weekPage\\week_page.js","statementMap":{"0":{"start":{"line":2,"column":0},"end":{"line":4,"column":1}},"1":{"start":{"line":3,"column":4},"end":{"line":3,"column":54}},"2":{"start":{"line":7,"column":4},"end":{"line":7,"column":21}},"3":{"start":{"line":11,"column":4},"end":{"line":11,"column":64}},"4":{"start":{"line":15,"column":4},"end":{"line":15,"column":66}},"5":{"start":{"line":20,"column":4},"end":{"line":20,"column":69}},"6":{"start":{"line":24,"column":24},"end":{"line":24,"column":63}},"7":{"start":{"line":25,"column":24},"end":{"line":25,"column":64}},"8":{"start":{"line":26,"column":24},"end":{"line":26,"column":64}},"9":{"start":{"line":28,"column":22},"end":{"line":28,"column":32}},"10":{"start":{"line":29,"column":18},"end":{"line":29,"column":56}},"11":{"start":{"line":34,"column":28},"end":{"line":34,"column":86}},"12":{"start":{"line":36,"column":22},"end":{"line":36,"column":24}},"13":{"start":{"line":37,"column":8},"end":{"line":40,"column":9}},"14":{"start":{"line":37,"column":21},"end":{"line":37,"column":22}},"15":{"start":{"line":38,"column":12},"end":{"line":38,"column":46}},"16":{"start":{"line":39,"column":12},"end":{"line":39,"column":59}},"17":{"start":{"line":41,"column":8},"end":{"line":41,"column":21}},"18":{"start":{"line":45,"column":24},"end":{"line":45,"column":58}},"19":{"start":{"line":46,"column":8},"end":{"line":46,"column":59}},"20":{"start":{"line":50,"column":19},"end":{"line":50,"column":63}},"21":{"start":{"line":51,"column":19},"end":{"line":51,"column":58}},"22":{"start":{"line":52,"column":21},"end":{"line":52,"column":39}},"23":{"start":{"line":53,"column":8},"end":{"line":53,"column":37}},"24":{"start":{"line":57,"column":25},"end":{"line":57,"column":61}},"25":{"start":{"line":58,"column":19},"end":{"line":58,"column":21}},"26":{"start":{"line":60,"column":8},"end":{"line":64,"column":9}},"27":{"start":{"line":61,"column":29},"end":{"line":61,"column":51}},"28":{"start":{"line":62,"column":33},"end":{"line":62,"column":59}},"29":{"start":{"line":63,"column":12},"end":{"line":63,"column":78}},"30":{"start":{"line":66,"column":8},"end":{"line":66,"column":25}},"31":{"start":{"line":68,"column":27},"end":{"line":68,"column":29}},"32":{"start":{"line":70,"column":8},"end":{"line":91,"column":9}},"33":{"start":{"line":71,"column":22},"end":{"line":71,"column":48}},"34":{"start":{"line":72,"column":24},"end":{"line":72,"column":52}},"35":{"start":{"line":74,"column":12},"end":{"line":74,"column":28}},"36":{"start":{"line":75,"column":12},"end":{"line":77,"column":13}},"37":{"start":{"line":76,"column":16},"end":{"line":76,"column":32}},"38":{"start":{"line":78,"column":12},"end":{"line":80,"column":13}},"39":{"start":{"line":79,"column":16},"end":{"line":79,"column":36}},"40":{"start":{"line":82,"column":12},"end":{"line":82,"column":28}},"41":{"start":{"line":84,"column":23},"end":{"line":84,"column":52}},"42":{"start":{"line":86,"column":12},"end":{"line":88,"column":13}},"43":{"start":{"line":87,"column":16},"end":{"line":87,"column":48}},"44":{"start":{"line":90,"column":12},"end":{"line":90,"column":48}},"45":{"start":{"line":93,"column":8},"end":{"line":93,"column":71}},"46":{"start":{"line":98,"column":26},"end":{"line":98,"column":61}},"47":{"start":{"line":99,"column":8},"end":{"line":99,"column":102}},"48":{"start":{"line":101,"column":25},"end":{"line":101,"column":57}},"49":{"start":{"line":102,"column":25},"end":{"line":102,"column":47}},"50":{"start":{"line":106,"column":8},"end":{"line":155,"column":11}},"51":{"start":{"line":107,"column":12},"end":{"line":107,"column":34}},"52":{"start":{"line":109,"column":36},"end":{"line":109,"column":73}},"53":{"start":{"line":110,"column":12},"end":{"line":112,"column":13}},"54":{"start":{"line":111,"column":16},"end":{"line":111,"column":41}},"55":{"start":{"line":114,"column":28},"end":{"line":114,"column":57}},"56":{"start":{"line":115,"column":12},"end":{"line":115,"column":50}},"57":{"start":{"line":116,"column":12},"end":{"line":116,"column":71}},"58":{"start":{"line":119,"column":12},"end":{"line":119,"column":40}},"59":{"start":{"line":121,"column":31},"end":{"line":121,"column":83}},"60":{"start":{"line":122,"column":12},"end":{"line":122,"column":45}},"61":{"start":{"line":126,"column":12},"end":{"line":130,"column":13}},"62":{"start":{"line":127,"column":16},"end":{"line":127,"column":52}},"63":{"start":{"line":129,"column":16},"end":{"line":129,"column":55}},"64":{"start":{"line":132,"column":33},"end":{"line":135,"column":13}},"65":{"start":{"line":137,"column":32},"end":{"line":137,"column":75}},"66":{"start":{"line":138,"column":29},"end":{"line":138,"column":112}},"67":{"start":{"line":139,"column":23},"end":{"line":139,"column":59}},"68":{"start":{"line":141,"column":12},"end":{"line":141,"column":62}},"69":{"start":{"line":141,"column":32},"end":{"line":141,"column":60}},"70":{"start":{"line":143,"column":27},"end":{"line":143,"column":56}},"71":{"start":{"line":144,"column":12},"end":{"line":144,"column":51}},"72":{"start":{"line":145,"column":12},"end":{"line":145,"column":41}},"73":{"start":{"line":147,"column":12},"end":{"line":153,"column":13}},"74":{"start":{"line":148,"column":31},"end":{"line":148,"column":60}},"75":{"start":{"line":149,"column":16},"end":{"line":149,"column":49}},"76":{"start":{"line":150,"column":16},"end":{"line":150,"column":52}},"77":{"start":{"line":152,"column":16},"end":{"line":152,"column":45}},"78":{"start":{"line":159,"column":4},"end":{"line":162,"column":7}},"79":{"start":{"line":160,"column":8},"end":{"line":160,"column":55}},"80":{"start":{"line":161,"column":8},"end":{"line":161,"column":25}},"81":{"start":{"line":165,"column":4},"end":{"line":168,"column":7}},"82":{"start":{"line":166,"column":8},"end":{"line":166,"column":55}},"83":{"start":{"line":167,"column":8},"end":{"line":167,"column":25}},"84":{"start":{"line":171,"column":4},"end":{"line":179,"column":7}},"85":{"start":{"line":172,"column":8},"end":{"line":178,"column":11}},"86":{"start":{"line":173,"column":33},"end":{"line":173,"column":65}},"87":{"start":{"line":174,"column":29},"end":{"line":174,"column":52}},"88":{"start":{"line":175,"column":32},"end":{"line":175,"column":84}},"89":{"start":{"line":176,"column":12},"end":{"line":176,"column":64}},"90":{"start":{"line":177,"column":12},"end":{"line":177,"column":70}},"91":{"start":{"line":182,"column":4},"end":{"line":182,"column":18}},"92":{"start":{"line":183,"column":4},"end":{"line":183,"column":21}},"93":{"start":{"line":186,"column":0},"end":{"line":188,"column":1}},"94":{"start":{"line":187,"column":4},"end":{"line":187,"column":73}}},"fnMap":{"0":{"name":"init","decl":{"start":{"line":6,"column":9},"end":{"line":6,"column":13}},"loc":{"start":{"line":6,"column":16},"end":{"line":8,"column":1}},"line":6},"1":{"name":"switchWeekly","decl":{"start":{"line":10,"column":9},"end":{"line":10,"column":21}},"loc":{"start":{"line":10,"column":24},"end":{"line":12,"column":1}},"line":10},"2":{"name":"switchMonthly","decl":{"start":{"line":14,"column":9},"end":{"line":14,"column":22}},"loc":{"start":{"line":14,"column":25},"end":{"line":16,"column":1}},"line":14},"3":{"name":"redirectToAddLogPage","decl":{"start":{"line":19,"column":9},"end":{"line":19,"column":29}},"loc":{"start":{"line":19,"column":32},"end":{"line":21,"column":1}},"line":19},"4":{"name":"calendarScript","decl":{"start":{"line":23,"column":9},"end":{"line":23,"column":23}},"loc":{"start":{"line":23,"column":26},"end":{"line":184,"column":1}},"line":23},"5":{"name":"getWeekDates","decl":{"start":{"line":33,"column":13},"end":{"line":33,"column":25}},"loc":{"start":{"line":33,"column":32},"end":{"line":42,"column":5}},"line":33},"6":{"name":"formatDate","decl":{"start":{"line":44,"column":13},"end":{"line":44,"column":23}},"loc":{"start":{"line":44,"column":30},"end":{"line":47,"column":5}},"line":44},"7":{"name":"formatDateToMMDDYYYY","decl":{"start":{"line":49,"column":13},"end":{"line":49,"column":33}},"loc":{"start":{"line":49,"column":40},"end":{"line":54,"column":5}},"line":49},"8":{"name":"updateEvents","decl":{"start":{"line":56,"column":13},"end":{"line":56,"column":25}},"loc":{"start":{"line":56,"column":28},"end":{"line":94,"column":5}},"line":56},"9":{"name":"updateCalendar","decl":{"start":{"line":97,"column":13},"end":{"line":97,"column":27}},"loc":{"start":{"line":97,"column":30},"end":{"line":156,"column":5}},"line":97},"10":{"name":"(anonymous_10)","decl":{"start":{"line":106,"column":57},"end":{"line":106,"column":58}},"loc":{"start":{"line":106,"column":76},"end":{"line":155,"column":9}},"line":106},"11":{"name":"(anonymous_11)","decl":{"start":{"line":141,"column":22},"end":{"line":141,"column":23}},"loc":{"start":{"line":141,"column":32},"end":{"line":141,"column":60}},"line":141},"12":{"name":"(anonymous_12)","decl":{"start":{"line":159,"column":42},"end":{"line":159,"column":43}},"loc":{"start":{"line":159,"column":48},"end":{"line":162,"column":5}},"line":159},"13":{"name":"(anonymous_13)","decl":{"start":{"line":165,"column":42},"end":{"line":165,"column":43}},"loc":{"start":{"line":165,"column":48},"end":{"line":168,"column":5}},"line":165},"14":{"name":"(anonymous_14)","decl":{"start":{"line":171,"column":53},"end":{"line":171,"column":54}},"loc":{"start":{"line":171,"column":63},"end":{"line":179,"column":5}},"line":171},"15":{"name":"(anonymous_15)","decl":{"start":{"line":172,"column":41},"end":{"line":172,"column":42}},"loc":{"start":{"line":172,"column":52},"end":{"line":178,"column":9}},"line":172}},"branchMap":{"0":{"loc":{"start":{"line":2,"column":0},"end":{"line":4,"column":1}},"type":"if","locations":[{"start":{"line":2,"column":0},"end":{"line":4,"column":1}},{"start":{},"end":{}}],"line":2},"1":{"loc":{"start":{"line":60,"column":8},"end":{"line":64,"column":9}},"type":"if","locations":[{"start":{"line":60,"column":8},"end":{"line":64,"column":9}},{"start":{},"end":{}}],"line":60},"2":{"loc":{"start":{"line":63,"column":19},"end":{"line":63,"column":77}},"type":"binary-expr","locations":[{"start":{"line":63,"column":19},"end":{"line":63,"column":71}},{"start":{"line":63,"column":75},"end":{"line":63,"column":77}}],"line":63},"3":{"loc":{"start":{"line":75,"column":12},"end":{"line":77,"column":13}},"type":"if","locations":[{"start":{"line":75,"column":12},"end":{"line":77,"column":13}},{"start":{},"end":{}}],"line":75},"4":{"loc":{"start":{"line":78,"column":12},"end":{"line":80,"column":13}},"type":"if","locations":[{"start":{"line":78,"column":12},"end":{"line":80,"column":13}},{"start":{},"end":{}}],"line":78},"5":{"loc":{"start":{"line":86,"column":12},"end":{"line":88,"column":13}},"type":"if","locations":[{"start":{"line":86,"column":12},"end":{"line":88,"column":13}},{"start":{},"end":{}}],"line":86},"6":{"loc":{"start":{"line":110,"column":12},"end":{"line":112,"column":13}},"type":"if","locations":[{"start":{"line":110,"column":12},"end":{"line":112,"column":13}},{"start":{},"end":{}}],"line":110},"7":{"loc":{"start":{"line":126,"column":12},"end":{"line":130,"column":13}},"type":"if","locations":[{"start":{"line":126,"column":12},"end":{"line":130,"column":13}},{"start":{"line":128,"column":19},"end":{"line":130,"column":13}}],"line":126},"8":{"loc":{"start":{"line":139,"column":23},"end":{"line":139,"column":59}},"type":"binary-expr","locations":[{"start":{"line":139,"column":23},"end":{"line":139,"column":53}},{"start":{"line":139,"column":57},"end":{"line":139,"column":59}}],"line":139},"9":{"loc":{"start":{"line":186,"column":0},"end":{"line":188,"column":1}},"type":"if","locations":[{"start":{"line":186,"column":0},"end":{"line":188,"column":1}},{"start":{},"end":{}}],"line":186},"10":{"loc":{"start":{"line":186,"column":4},"end":{"line":186,"column":48}},"type":"binary-expr","locations":[{"start":{"line":186,"column":4},"end":{"line":186,"column":30}},{"start":{"line":186,"column":34},"end":{"line":186,"column":48}}],"line":186}},"s":{"0":1,"1":0,"2":0,"3":1,"4":1,"5":1,"6":0,"7":0,"8":0,"9":0,"10":0,"11":0,"12":0,"13":0,"14":0,"15":0,"16":0,"17":0,"18":0,"19":0,"20":0,"21":0,"22":0,"23":0,"24":0,"25":0,"26":0,"27":0,"28":0,"29":0,"30":0,"31":0,"32":0,"33":0,"34":0,"35":0,"36":0,"37":0,"38":0,"39":0,"40":0,"41":0,"42":0,"43":0,"44":0,"45":0,"46":0,"47":0,"48":0,"49":0,"50":0,"51":0,"52":0,"53":0,"54":0,"55":0,"56":0,"57":0,"58":0,"59":0,"60":0,"61":0,"62":0,"63":0,"64":0,"65":0,"66":0,"67":0,"68":0,"69":0,"70":0,"71":0,"72":0,"73":0,"74":0,"75":0,"76":0,"77":0,"78":0,"79":0,"80":0,"81":0,"82":0,"83":0,"84":0,"85":0,"86":0,"87":0,"88":0,"89":0,"90":0,"91":0,"92":0,"93":1,"94":1},"f":{"0":0,"1":1,"2":1,"3":1,"4":0,"5":0,"6":0,"7":0,"8":0,"9":0,"10":0,"11":0,"12":0,"13":0,"14":0,"15":0},"b":{"0":[0,1],"1":[0,0],"2":[0,0],"3":[0,0],"4":[0,0],"5":[0,0],"6":[0,0],"7":[0,0],"8":[0,0],"9":[1,0],"10":[1,1]},"_coverageSchema":"1a1c01bbd47fc00a2c39e90264f33305004495a9","hash":"a7b9c63aa3af6255c0fa5fd98bb7dc8cbf1cf164"}
}
