TN:
SF:addLogPage\add_log_page.js
FN:10,validateForm
FN:25,makeSubmission
FN:81,cancelSubmission
FNF:3
FNH:3
FNDA:7,validateForm
FNDA:2,makeSubmission
FNDA:1,cancelSubmission
DA:12,7
DA:14,4
DA:15,4
DA:17,3
DA:27,2
DA:28,2
DA:29,2
DA:30,2
DA:33,2
DA:36,2
DA:38,2
DA:39,2
DA:40,2
DA:41,2
DA:44,2
DA:45,0
DA:48,2
DA:51,2
DA:63,2
DA:66,2
DA:69,2
DA:70,2
DA:73,2
DA:74,2
DA:82,1
DA:84,1
DA:85,1
LF:27
LH:26
BRDA:12,0,0,4
BRDA:12,0,1,3
BRDA:12,1,0,7
BRDA:12,1,1,6
BRDA:12,1,2,5
BRDA:12,1,3,4
BRDA:36,2,0,2
BRDA:36,2,1,0
BRDA:44,3,0,0
BRDA:44,3,1,2
BRDA:84,4,0,1
BRDA:84,4,1,0
BRDA:84,5,0,1
BRDA:84,5,1,1
BRF:14
BRH:11
end_of_record
TN:
SF:addProjectPage\add_project_page.js
FN:6,initializeProjectData
FN:32,updateProjectData
FN:56,submissionLogic
FN:70,handleSubmission
FN:81,(anonymous_4)
FNF:5
FNH:3
FNDA:2,initializeProjectData
FNDA:1,updateProjectData
FNDA:1,submissionLogic
FNDA:0,handleSubmission
FNDA:0,(anonymous_4)
DA:7,2
DA:23,2
DA:33,1
DA:34,1
DA:35,1
DA:36,1
DA:46,1
DA:57,1
DA:58,1
DA:59,1
DA:61,0
DA:63,1
DA:71,0
DA:72,0
DA:73,0
DA:74,0
DA:76,0
DA:79,1
DA:80,0
DA:81,0
DA:83,0
DA:86,0
DA:87,0
DA:88,0
DA:92,0
DA:95,0
DA:99,1
DA:100,1
LF:28
LH:14
BRDA:58,0,0,1
BRDA:58,0,1,0
BRDA:79,1,0,0
BRDA:79,1,1,1
BRDA:86,2,0,0
BRDA:86,2,1,0
BRDA:99,3,0,1
BRDA:99,3,1,0
BRDA:99,4,0,1
BRDA:99,4,1,1
BRF:10
BRH:5
end_of_record
TN:
SF:archivePage\archive_page.js
FN:1,(anonymous_0)
FN:15,loadProjects
FN:25,(anonymous_2)
FN:40,displayProjects
FN:55,(anonymous_4)
FN:76,(anonymous_5)
FN:85,(anonymous_6)
FN:98,deleteProject
FN:100,(anonymous_8)
FN:110,(anonymous_9)
FN:121,handlePageChange
FN:137,handleSearch
FN:139,(anonymous_12)
FN:148,(anonymous_13)
FN:153,(anonymous_14)
FNF:15
FNH:11
FNDA:1,(anonymous_0)
FNDA:5,loadProjects
FNDA:10,(anonymous_2)
FNDA:10,displayProjects
FNDA:15,(anonymous_4)
FNDA:0,(anonymous_5)
FNDA:0,(anonymous_6)
FNDA:1,deleteProject
FNDA:2,(anonymous_8)
FNDA:2,(anonymous_9)
FNDA:4,handlePageChange
FNDA:0,handleSearch
FNDA:0,(anonymous_12)
FNDA:1,(anonymous_13)
FNDA:1,(anonymous_14)
DA:1,1
DA:3,1
DA:6,1
DA:9,1
DA:12,1
DA:17,5
DA:20,5
DA:22,5
DA:25,10
DA:28,5
DA:31,0
DA:32,0
DA:36,5
DA:42,10
DA:45,10
DA:48,10
DA:49,10
DA:52,10
DA:55,10
DA:57,15
DA:58,15
DA:61,15
DA:62,15
DA:63,15
DA:66,15
DA:67,15
DA:70,15
DA:71,15
DA:73,15
DA:76,15
DA:77,0
DA:78,0
DA:82,15
DA:85,15
DA:86,0
DA:87,0
DA:88,0
DA:89,0
DA:93,15
DA:100,2
DA:103,1
DA:106,1
DA:109,1
DA:110,2
DA:114,1
DA:117,1
DA:123,4
DA:126,4
DA:129,4
DA:132,4
DA:133,4
DA:138,0
DA:139,0
DA:140,0
DA:144,0
DA:148,1
DA:149,1
DA:153,1
DA:154,1
DA:158,1
DA:161,1
DA:164,1
DA:165,1
LF:63
LH:51
BRDA:20,0,0,5
BRDA:20,0,1,0
BRDA:25,1,0,10
BRDA:25,1,1,10
BRDA:40,2,0,10
BRDA:100,3,0,2
BRDA:100,3,1,1
BRDA:110,4,0,2
BRDA:110,4,1,1
BRDA:164,5,0,1
BRDA:164,5,1,0
BRDA:164,6,0,1
BRDA:164,6,1,1
BRF:13
BRH:11
end_of_record
TN:
SF:feedbackPage\feedback_page.js
FN:9,Submission
FN:22,makeSubmission
FN:36,(anonymous_2)
FNF:3
FNH:3
FNDA:1,Submission
FNDA:2,makeSubmission
FNDA:1,(anonymous_2)
DA:10,1
DA:11,1
DA:12,1
DA:13,1
DA:14,1
DA:15,1
DA:16,1
DA:23,2
DA:25,2
DA:26,2
DA:27,2
DA:29,2
DA:30,1
DA:31,1
DA:35,1
DA:36,1
DA:37,1
DA:41,1
DA:44,1
DA:47,1
DA:50,1
DA:52,1
DA:55,1
DA:59,1
DA:60,1
LF:25
LH:25
BRDA:29,0,0,1
BRDA:29,0,1,1
BRDA:29,1,0,2
BRDA:29,1,1,1
BRDA:29,1,2,1
BRDA:44,2,0,1
BRDA:44,2,1,0
BRDA:59,3,0,1
BRDA:59,3,1,0
BRDA:59,4,0,1
BRDA:59,4,1,1
BRF:11
BRH:9
end_of_record
TN:
SF:homePage\home_page.js
FN:2,renderProjects
FN:21,createProjectElement
FN:73,(anonymous_2)
FN:86,(anonymous_3)
FN:94,(anonymous_4)
FN:106,archiveProject
FN:114,deleteProject
FN:120,(anonymous_7)
FNF:8
FNH:5
FNDA:4,renderProjects
FNDA:8,createProjectElement
FNDA:0,(anonymous_2)
FNDA:0,(anonymous_3)
FNDA:0,(anonymous_4)
FNDA:1,archiveProject
FNDA:1,deleteProject
FNDA:2,(anonymous_7)
DA:3,4
DA:4,4
DA:6,4
DA:7,4
DA:8,4
DA:9,4
DA:10,8
DA:11,8
DA:12,8
DA:13,8
DA:14,8
DA:22,8
DA:24,8
DA:25,8
DA:26,8
DA:27,8
DA:29,8
DA:30,8
DA:32,8
DA:33,8
DA:35,8
DA:36,8
DA:37,8
DA:38,8
DA:39,8
DA:40,8
DA:42,8
DA:44,8
DA:45,8
DA:46,8
DA:47,8
DA:48,8
DA:49,8
DA:51,8
DA:52,8
DA:53,8
DA:55,8
DA:57,8
DA:58,8
DA:59,8
DA:60,8
DA:61,8
DA:62,8
DA:63,8
DA:65,8
DA:67,8
DA:68,8
DA:70,8
DA:71,8
DA:72,8
DA:73,8
DA:74,0
DA:75,0
DA:77,8
DA:79,8
DA:80,8
DA:82,8
DA:83,8
DA:84,8
DA:86,8
DA:87,0
DA:88,0
DA:91,8
DA:92,8
DA:94,8
DA:95,0
DA:96,0
DA:97,0
DA:98,0
DA:99,0
DA:102,8
DA:107,1
DA:108,1
DA:109,1
DA:110,1
DA:115,1
DA:116,1
DA:117,1
DA:120,1
DA:121,2
DA:122,1
DA:124,2
DA:127,1
DA:128,1
DA:129,1
DA:134,1
DA:136,1
DA:137,1
LF:88
LH:79
BRDA:10,0,0,8
BRDA:10,0,1,0
BRDA:12,1,0,8
BRDA:12,1,1,0
BRDA:121,2,0,1
BRDA:121,2,1,1
BRDA:136,3,0,1
BRDA:136,3,1,0
BRDA:136,4,0,1
BRDA:136,4,1,1
BRF:10
BRH:7
end_of_record
TN:
SF:projectHomePage\project_home_page.js
FN:1,(anonymous_0)
FN:6,(anonymous_1)
FN:17,(anonymous_2)
FN:43,(anonymous_3)
FN:68,(anonymous_4)
FN:71,(anonymous_5)
FN:81,(anonymous_6)
FN:84,(anonymous_7)
FN:161,(anonymous_8)
FN:188,(anonymous_9)
FN:193,(anonymous_10)
FN:199,(anonymous_11)
FN:208,(anonymous_12)
FN:217,(anonymous_13)
FN:232,(anonymous_14)
FNF:15
FNH:5
FNDA:1,(anonymous_0)
FNDA:1,(anonymous_1)
FNDA:0,(anonymous_2)
FNDA:0,(anonymous_3)
FNDA:0,(anonymous_4)
FNDA:0,(anonymous_5)
FNDA:1,(anonymous_6)
FNDA:1,(anonymous_7)
FNDA:0,(anonymous_8)
FNDA:0,(anonymous_9)
FNDA:0,(anonymous_10)
FNDA:0,(anonymous_11)
FNDA:0,(anonymous_12)
FNDA:0,(anonymous_13)
FNDA:4,(anonymous_14)
DA:1,1
DA:2,1
DA:3,1
DA:6,1
DA:7,1
DA:8,1
DA:9,0
DA:10,0
DA:12,0
DA:17,1
DA:18,0
DA:19,0
DA:20,0
DA:21,0
DA:22,0
DA:23,0
DA:24,0
DA:25,0
DA:26,0
DA:29,0
DA:30,0
DA:31,0
DA:32,0
DA:33,0
DA:34,0
DA:36,0
DA:38,0
DA:39,0
DA:43,1
DA:44,0
DA:45,0
DA:46,0
DA:47,0
DA:48,0
DA:49,0
DA:51,0
DA:52,0
DA:53,0
DA:54,0
DA:56,0
DA:58,0
DA:59,0
DA:61,0
DA:62,0
DA:63,0
DA:64,0
DA:68,1
DA:69,0
DA:70,0
DA:71,0
DA:72,0
DA:73,0
DA:74,0
DA:75,0
DA:76,0
DA:81,1
DA:82,1
DA:83,1
DA:84,1
DA:88,1
DA:89,1
DA:90,0
DA:91,0
DA:92,0
DA:93,0
DA:94,0
DA:98,1
DA:99,1
DA:100,0
DA:101,0
DA:102,0
DA:103,0
DA:104,0
DA:105,0
DA:106,0
DA:107,0
DA:108,0
DA:112,1
DA:113,1
DA:114,0
DA:115,0
DA:116,0
DA:117,0
DA:118,0
DA:119,0
DA:120,0
DA:121,0
DA:122,0
DA:123,0
DA:127,1
DA:128,1
DA:129,0
DA:130,0
DA:131,0
DA:132,0
DA:133,0
DA:134,0
DA:135,0
DA:136,0
DA:140,1
DA:141,1
DA:142,0
DA:143,0
DA:144,0
DA:145,0
DA:146,0
DA:147,0
DA:148,0
DA:149,0
DA:150,0
DA:152,1
DA:153,1
DA:155,1
DA:156,1
DA:161,1
DA:163,0
DA:164,0
DA:165,0
DA:166,0
DA:168,0
DA:169,0
DA:171,0
DA:175,1
DA:176,1
DA:178,1
DA:179,1
DA:180,1
DA:181,1
DA:182,1
DA:183,1
DA:185,1
DA:188,1
DA:189,0
DA:190,0
DA:193,1
DA:194,0
DA:195,0
DA:199,1
DA:200,0
DA:201,0
DA:202,0
DA:203,0
DA:208,1
DA:209,0
DA:210,0
DA:211,0
DA:212,0
DA:216,1
DA:217,1
DA:218,0
DA:219,0
DA:223,0
DA:224,0
DA:225,0
DA:226,0
DA:227,0
DA:228,0
DA:232,1
DA:233,4
DA:234,4
DA:235,4
DA:236,4
DA:237,0
DA:241,1
DA:242,1
DA:243,1
DA:244,1
LF:167
LH:52
BRDA:2,0,0,1
BRDA:2,0,1,0
BRDA:7,1,0,1
BRDA:7,1,1,0
BRDA:7,2,0,1
BRDA:7,2,1,1
BRDA:9,3,0,0
BRDA:9,3,1,0
BRDA:9,4,0,0
BRDA:9,4,1,0
BRDA:19,5,0,0
BRDA:19,5,1,0
BRDA:25,6,0,0
BRDA:25,6,1,0
BRDA:33,7,0,0
BRDA:33,7,1,0
BRDA:44,8,0,0
BRDA:44,8,1,0
BRDA:46,9,0,0
BRDA:46,9,1,0
BRDA:48,10,0,0
BRDA:48,10,1,0
BRDA:53,11,0,0
BRDA:53,11,1,0
BRDA:53,12,0,0
BRDA:53,12,1,0
BRDA:89,13,0,0
BRDA:89,13,1,1
BRDA:99,14,0,0
BRDA:99,14,1,1
BRDA:113,15,0,0
BRDA:113,15,1,1
BRDA:128,16,0,0
BRDA:128,16,1,1
BRDA:141,17,0,0
BRDA:141,17,1,1
BRDA:163,18,0,0
BRDA:163,18,1,0
BRDA:165,19,0,0
BRDA:165,19,1,0
BRDA:165,20,0,0
BRDA:165,20,1,0
BRDA:168,21,0,0
BRDA:168,21,1,0
BRDA:175,22,0,1
BRDA:175,22,1,0
BRDA:175,23,0,1
BRDA:175,23,1,1
BRDA:178,24,0,1
BRDA:178,24,1,0
BRDA:180,25,0,1
BRDA:180,25,1,0
BRDA:181,26,0,1
BRDA:181,26,1,0
BRDA:183,27,0,1
BRDA:183,27,1,0
BRDA:202,28,0,0
BRDA:202,28,1,0
BRDA:211,29,0,0
BRDA:211,29,1,0
BRDA:218,30,0,0
BRDA:218,30,1,0
BRDA:235,31,0,4
BRDA:235,31,1,4
BRDA:235,31,2,4
BRDA:236,32,0,0
BRDA:236,32,1,4
BRF:67
BRH:20
end_of_record
TN:
SF:weekPage\week_page.js
FN:6,init
FN:10,switchWeekly
FN:14,switchMonthly
FN:19,redirectToAddLogPage
FN:23,calendarScript
FN:33,getWeekDates
FN:44,formatDate
FN:49,formatDateToMMDDYYYY
FN:56,updateEvents
FN:97,updateCalendar
FN:106,(anonymous_10)
FN:141,(anonymous_11)
FN:159,(anonymous_12)
FN:165,(anonymous_13)
FN:171,(anonymous_14)
FN:172,(anonymous_15)
FNF:16
FNH:3
FNDA:0,init
FNDA:1,switchWeekly
FNDA:1,switchMonthly
FNDA:1,redirectToAddLogPage
FNDA:0,calendarScript
FNDA:0,getWeekDates
FNDA:0,formatDate
FNDA:0,formatDateToMMDDYYYY
FNDA:0,updateEvents
FNDA:0,updateCalendar
FNDA:0,(anonymous_10)
FNDA:0,(anonymous_11)
FNDA:0,(anonymous_12)
FNDA:0,(anonymous_13)
FNDA:0,(anonymous_14)
FNDA:0,(anonymous_15)
DA:2,1
DA:3,0
DA:7,0
DA:11,1
DA:15,1
DA:20,1
DA:24,0
DA:25,0
DA:26,0
DA:28,0
DA:29,0
DA:34,0
DA:36,0
DA:37,0
DA:38,0
DA:39,0
DA:41,0
DA:45,0
DA:46,0
DA:50,0
DA:51,0
DA:52,0
DA:53,0
DA:57,0
DA:58,0
DA:60,0
DA:61,0
DA:62,0
DA:63,0
DA:66,0
DA:68,0
DA:70,0
DA:71,0
DA:72,0
DA:74,0
DA:75,0
DA:76,0
DA:78,0
DA:79,0
DA:82,0
DA:84,0
DA:86,0
DA:87,0
DA:90,0
DA:93,0
DA:98,0
DA:99,0
DA:101,0
DA:102,0
DA:106,0
DA:107,0
DA:109,0
DA:110,0
DA:111,0
DA:114,0
DA:115,0
DA:116,0
DA:119,0
DA:121,0
DA:122,0
DA:126,0
DA:127,0
DA:129,0
DA:132,0
DA:137,0
DA:138,0
DA:139,0
DA:141,0
DA:143,0
DA:144,0
DA:145,0
DA:147,0
DA:148,0
DA:149,0
DA:150,0
DA:152,0
DA:159,0
DA:160,0
DA:161,0
DA:165,0
DA:166,0
DA:167,0
DA:171,0
DA:172,0
DA:173,0
DA:174,0
DA:175,0
DA:176,0
DA:177,0
DA:182,0
DA:183,0
DA:186,1
DA:187,1
LF:93
LH:6
BRDA:2,0,0,0
BRDA:2,0,1,1
BRDA:60,1,0,0
BRDA:60,1,1,0
BRDA:63,2,0,0
BRDA:63,2,1,0
BRDA:75,3,0,0
BRDA:75,3,1,0
BRDA:78,4,0,0
BRDA:78,4,1,0
BRDA:86,5,0,0
BRDA:86,5,1,0
BRDA:110,6,0,0
BRDA:110,6,1,0
BRDA:126,7,0,0
BRDA:126,7,1,0
BRDA:139,8,0,0
BRDA:139,8,1,0
BRDA:186,9,0,1
BRDA:186,9,1,0
BRDA:186,10,0,1
BRDA:186,10,1,1
BRF:22
BRH:4
end_of_record
